[29Aug2024 00:00:06.033] [Server thread/INFO] [net.minecraft.server.MinecraftServer/]: [Not Secure] <kevin123j2> es hora de dormir
[29Aug2024 00:00:27.435] [Server thread/INFO] [net.minecraft.server.MinecraftServer/]: [Not Secure] <Jos3enriq> mis brotes xdd
[29Aug2024 00:00:33.937] [Server thread/INFO] [net.minecraft.server.MinecraftServer/]: [Not Secure] <Jos3enriq> necesito abedul
[29Aug2024 00:00:58.435] [Server thread/INFO] [net.minecraft.server.MinecraftServer/]: [Not Secure] <Jos3enriq> tienes brotes?
[29Aug2024 00:01:04.336] [Server thread/INFO] [net.minecraft.server.MinecraftServer/]: [Not Secure] <kevin123j2> no
[29Aug2024 00:02:34.078] [Server thread/INFO] [net.minecraft.server.players.PlayerList/]: guta_vito[/127.78.16.156:34327] logged in with entity id 7761 at (-135.30000001192093, 104.0, 537.6340331893098)
[29Aug2024 00:02:34.095] [Server thread/INFO] [net.minecraft.server.MinecraftServer/]: guta_vito joined the game
[29Aug2024 00:02:34.145] [Server thread/INFO] [Jade/]: Syncing config to guta_vito (258a0e42-5e08-3a70-9f56-90802606be41)
[29Aug2024 00:03:19.452] [Server thread/INFO] [net.minecraft.server.MinecraftServer/]: [Not Secure] <guta_vito> filosofia y el experimento pueden esperar
[29Aug2024 00:03:42.748] [Server thread/INFO] [net.minecraft.server.MinecraftServer/]: [Not Secure] <Jos3enriq> el verdadero hakuna matata
[29Aug2024 00:03:56.387] [Server thread/INFO] [net.minecraft.server.MinecraftServer/]: [Not Secure] <guta_vito> q are hoy
[29Aug2024 00:04:04.188] [Server thread/INFO] [net.minecraft.server.MinecraftServer/]: [Not Secure] <guta_vito> expedicion digo
[29Aug2024 00:04:11.185] [Server thread/INFO] [net.minecraft.server.MinecraftServer/]: [Not Secure] <kevin123j2> yo voy a hacer casa
[29Aug2024 00:04:17.633] [Server thread/INFO] [net.minecraft.server.MinecraftServer/]: [Not Secure] <kevin123j2> y creare
[29Aug2024 00:04:19.019] [Server thread/INFO] [net.minecraft.server.MinecraftServer/]: [Not Secure] <kevin123j2> percaminos
[29Aug2024 00:04:40.886] [Server thread/INFO] [net.minecraft.server.MinecraftServer/]: [Not Secure] <Jos3enriq> ._.
[29Aug2024 00:04:47.536] [Server thread/INFO] [net.minecraft.server.MinecraftServer/]: [Not Secure] <Jos3enriq> se puede hacer sopà de macaco!
[29Aug2024 00:04:48.480] [Server thread/INFO] [net.minecraft.server.MinecraftServer/]: [Not Secure] <Jos3enriq> XD
[29Aug2024 00:04:50.281] [Server thread/INFO] [net.minecraft.server.MinecraftServer/]: [Not Secure] <guta_vito> k digo minare y recuperare todo lo0 q perdi
[29Aug2024 00:11:31.543] [Server thread/INFO] [net.minecraft.server.MinecraftServer/]: [Not Secure] <Jos3enriq> ZZZ
[29Aug2024 00:11:50.144] [Server thread/WARN] [net.minecraft.server.network.ServerGamePacketListenerImpl/]: Spectral Steed (vehicle of kevin123j2) moved wrongly! 0.3144025123532401
[29Aug2024 00:11:50.235] [Server thread/WARN] [net.minecraft.server.network.ServerGamePacketListenerImpl/]: Spectral Steed (vehicle of kevin123j2) moved wrongly! 0.6459284212281347
[29Aug2024 00:11:50.284] [Server thread/WARN] [net.minecraft.server.network.ServerGamePacketListenerImpl/]: Spectral Steed (vehicle of kevin123j2) moved wrongly! 0.31134733933117786
[29Aug2024 00:11:50.534] [Server thread/WARN] [net.minecraft.server.network.ServerGamePacketListenerImpl/]: Spectral Steed (vehicle of kevin123j2) moved wrongly! 0.31078587479798614
[29Aug2024 00:11:50.588] [Server thread/WARN] [net.minecraft.server.network.ServerGamePacketListenerImpl/]: Spectral Steed (vehicle of kevin123j2) moved wrongly! 0.9760049101415973
[29Aug2024 00:11:50.638] [Server thread/WARN] [net.minecraft.server.network.ServerGamePacketListenerImpl/]: Spectral Steed (vehicle of kevin123j2) moved wrongly! 0.6412217120131629
[29Aug2024 00:11:50.684] [Server thread/WARN] [net.minecraft.server.network.ServerGamePacketListenerImpl/]: Spectral Steed (vehicle of kevin123j2) moved wrongly! 1.0
[29Aug2024 00:11:51.194] [Server thread/WARN] [net.minecraft.server.network.ServerGamePacketListenerImpl/]: Spectral Steed (vehicle of kevin123j2) moved wrongly! 0.537919390775528
[29Aug2024 00:11:51.587] [Server thread/WARN] [net.minecraft.server.network.ServerGamePacketListenerImpl/]: Spectral Steed (vehicle of kevin123j2) moved wrongly! 0.44947520026720156
[29Aug2024 00:11:51.638] [Server thread/WARN] [net.minecraft.server.network.ServerGamePacketListenerImpl/]: Spectral Steed (vehicle of kevin123j2) moved wrongly! 1.0
[29Aug2024 00:11:51.698] [Server thread/WARN] [net.minecraft.server.network.ServerGamePacketListenerImpl/]: Spectral Steed (vehicle of kevin123j2) moved wrongly! 1.0
[29Aug2024 00:11:51.741] [Server thread/WARN] [net.minecraft.server.network.ServerGamePacketListenerImpl/]: Spectral Steed (vehicle of kevin123j2) moved wrongly! 1.0
[29Aug2024 00:11:52.345] [Server thread/WARN] [net.minecraft.server.network.ServerGamePacketListenerImpl/]: Spectral Steed (vehicle of kevin123j2) moved wrongly! 0.410490020916086
[29Aug2024 00:11:53.390] [Server thread/WARN] [net.minecraft.server.network.ServerGamePacketListenerImpl/]: Spectral Steed (vehicle of kevin123j2) moved wrongly! 0.3570185791406004
[29Aug2024 00:11:53.439] [Server thread/WARN] [net.minecraft.server.network.ServerGamePacketListenerImpl/]: Spectral Steed (vehicle of kevin123j2) moved wrongly! 0.6184215875579611
[29Aug2024 00:11:53.488] [Server thread/WARN] [net.minecraft.server.network.ServerGamePacketListenerImpl/]: Spectral Steed (vehicle of kevin123j2) moved wrongly! 0.7872924571827724
[29Aug2024 00:11:53.537] [Server thread/WARN] [net.minecraft.server.network.ServerGamePacketListenerImpl/]: Spectral Steed (vehicle of kevin123j2) moved wrongly! 0.9066512242314957
[29Aug2024 00:12:25.384] [Server thread/INFO] [net.minecraft.server.MinecraftServer/]: [Not Secure] <kevin123j2> duerman
[29Aug2024 00:13:13.197] [Server thread/INFO] [net.minecraft.server.MinecraftServer/]: guta_vito was poked to death by a sweet berry bush
[29Aug2024 00:13:36.682] [Server thread/INFO] [net.minecraft.server.MinecraftServer/]: [Not Secure] <Jos3enriq> Xd?
[29Aug2024 00:13:57.134] [Server thread/INFO] [net.minecraft.server.MinecraftServer/]: [Not Secure] <guta_vito> hoy aprendi
[29Aug2024 00:14:14.832] [Server thread/INFO] [net.minecraft.server.MinecraftServer/]: [Not Secure] <guta_vito> q no importa si tu le diste la vida su naturaleza siempre sera la misma
[29Aug2024 00:16:15.092] [Server thread/INFO] [net.minecraft.server.MinecraftServer/]: [Not Secure] <guta_vito> como q son 21 paginas
[29Aug2024 00:16:22.289] [Server thread/INFO] [net.minecraft.server.MinecraftServer/]: [Not Secure] <Jos3enriq> de que
[29Aug2024 00:16:50.381] [Server thread/WARN] [net.minecraft.server.network.ServerGamePacketListenerImpl/]: Spectral Steed (vehicle of kevin123j2) moved wrongly! 0.6025738421515712
[29Aug2024 00:16:50.933] [Server thread/WARN] [net.minecraft.server.network.ServerGamePacketListenerImpl/]: Spectral Steed (vehicle of kevin123j2) moved wrongly! 0.30219087323428084
[29Aug2024 00:16:50.980] [Server thread/WARN] [net.minecraft.server.network.ServerGamePacketListenerImpl/]: Spectral Steed (vehicle of kevin123j2) moved wrongly! 0.7660780577002129
[29Aug2024 00:16:51.032] [Server thread/WARN] [net.minecraft.server.network.ServerGamePacketListenerImpl/]: Spectral Steed (vehicle of kevin123j2) moved wrongly! 0.31648571442954676
[29Aug2024 00:16:51.080] [Server thread/WARN] [net.minecraft.server.network.ServerGamePacketListenerImpl/]: Spectral Steed (vehicle of kevin123j2) moved wrongly! 0.9131887508349052
[29Aug2024 00:16:51.134] [Server thread/WARN] [net.minecraft.server.network.ServerGamePacketListenerImpl/]: Spectral Steed (vehicle of kevin123j2) moved wrongly! 0.5346635218746201
[29Aug2024 00:16:51.232] [Server thread/WARN] [net.minecraft.server.network.ServerGamePacketListenerImpl/]: Spectral Steed (vehicle of kevin123j2) moved wrongly! 0.2765516767072711
[29Aug2024 00:16:51.932] [Server thread/WARN] [net.minecraft.server.network.ServerGamePacketListenerImpl/]: Spectral Steed (vehicle of kevin123j2) moved wrongly! 0.31648571442954676
[29Aug2024 00:16:51.981] [Server thread/WARN] [net.minecraft.server.network.ServerGamePacketListenerImpl/]: Spectral Steed (vehicle of kevin123j2) moved wrongly! 0.9131887508349052
[29Aug2024 00:16:52.031] [Server thread/WARN] [net.minecraft.server.network.ServerGamePacketListenerImpl/]: Spectral Steed (vehicle of kevin123j2) moved wrongly! 0.5346635218746201
[29Aug2024 00:16:53.430] [Server thread/WARN] [net.minecraft.server.network.ServerGamePacketListenerImpl/]: Spectral Steed (vehicle of kevin123j2) moved wrongly! 0.3354105793470694
[29Aug2024 00:16:53.482] [Server thread/WARN] [net.minecraft.server.network.ServerGamePacketListenerImpl/]: Spectral Steed (vehicle of kevin123j2) moved wrongly! 0.6061309586982588
[29Aug2024 00:16:53.531] [Server thread/WARN] [net.minecraft.server.network.ServerGamePacketListenerImpl/]: Spectral Steed (vehicle of kevin123j2) moved wrongly! 0.8366175342238478
[29Aug2024 00:16:53.586] [Server thread/WARN] [net.minecraft.server.network.ServerGamePacketListenerImpl/]: Spectral Steed (vehicle of kevin123j2) moved wrongly! 0.8413060438364539
[29Aug2024 00:18:05.742] [Server thread/INFO] [net.minecraft.server.MinecraftServer/]: [Not Secure] <kevin123j2> tendre que usar mi magia para hacer crecer este arbol
[29Aug2024 00:21:41.687] [Server thread/INFO] [net.minecraft.server.MinecraftServer/]: [Not Secure] <Jos3enriq> ._.
[29Aug2024 00:21:49.388] [Server thread/INFO] [net.minecraft.server.MinecraftServer/]: [Not Secure] <Jos3enriq> quien es dark titan066
[29Aug2024 00:22:16.990] [Server thread/INFO] [net.minecraft.server.MinecraftServer/]: [Not Secure] <Jos3enriq> sera correcto profanar esta tumba, por dinero?
[29Aug2024 00:22:19.839] [Server thread/INFO] [net.minecraft.server.MinecraftServer/]: [Not Secure] <Jos3enriq> claro que si!
[29Aug2024 00:22:21.906] [Server thread/INFO] [net.minecraft.server.MinecraftServer/]: Jos3enriq has made the advancement [Grave Ravager]
[29Aug2024 00:22:32.238] [Server thread/INFO] [net.minecraft.server.MinecraftServer/]: Jos3enriq has made the advancement [Dark Metallurgy]
[29Aug2024 00:22:34.294] [Server thread/INFO] [net.minecraft.server.MinecraftServer/]: Jos3enriq has made the advancement [Piece of Chaos]
[29Aug2024 00:22:40.100] [Server thread/INFO] [net.minecraft.server.MinecraftServer/]: Jos3enriq has made the advancement [Spooky Scary Skeleton]
[29Aug2024 00:23:58.937] [Server thread/INFO] [net.minecraft.server.MinecraftServer/]: [Not Secure] <Jos3enriq> hay un espantapajaros aqui xd
[29Aug2024 00:24:08.395] [Server thread/INFO] [net.minecraft.server.MinecraftServer/]: [Not Secure] <Jos3enriq> que es un enderman con cabeza de calabaza
[29Aug2024 00:24:36.638] [Server thread/INFO] [net.minecraft.server.MinecraftServer/]: [Not Secure] <Jos3enriq> zzz?
[29Aug2024 00:24:56.231] [Server thread/INFO] [net.minecraft.server.MinecraftServer/]: [Not Secure] <kevin123j2> syfre nu uria xombia
[29Aug2024 00:25:01.796] [Server thread/INFO] [net.minecraft.server.MinecraftServer/]: [Not Secure] <Jos3enriq> ._.
[29Aug2024 00:25:03.486] [Server thread/INFO] [net.minecraft.server.MinecraftServer/]: [Not Secure] <Jos3enriq> que vr
[29Aug2024 00:25:15.547] [Server thread/INFO] [net.minecraft.server.MinecraftServer/]: Jos3enriq was slain by Equestrian
[29Aug2024 00:26:19.290] [Server thread/INFO] [net.minecraft.server.MinecraftServer/]: [Not Secure] <kevin123j2> duerma
[29Aug2024 00:27:48.935] [Server thread/INFO] [net.minecraft.server.MinecraftServer/]: [Not Secure] <Jos3enriq> que rayos fue eso xdd
[29Aug2024 00:28:02.043] [Server thread/INFO] [net.minecraft.server.MinecraftServer/]: [Not Secure] <Jos3enriq> una cabeza de zombie como la que yo tenia murio
[29Aug2024 00:28:14.938] [Server thread/INFO] [net.minecraft.server.MinecraftServer/]: [Not Secure] <Jos3enriq> y salieron moscos redondos super raros xdd
[29Aug2024 00:28:19.244] [Server thread/INFO] [net.minecraft.server.MinecraftServer/]: [Not Secure] <Jos3enriq> y uno era raro
[29Aug2024 00:29:32.741] [Server thread/INFO] [net.minecraft.server.MinecraftServer/]: Jos3enriq was slain by Botfly
[29Aug2024 00:30:17.031] [Server thread/INFO] [net.minecraft.server.MinecraftServer/]: [Not Secure] <Jos3enriq> ese gustavito debe estar en la mina
[29Aug2024 00:30:42.496] [Server thread/INFO] [net.minecraft.server.MinecraftServer/]: Unknown or incomplete command, see below for error
[29Aug2024 00:30:42.513] [Server thread/INFO] [net.minecraft.server.MinecraftServer/]: d<--[HERE]
[29Aug2024 00:33:35.888] [Server thread/INFO] [net.minecraft.server.MinecraftServer/]: [Not Secure] <Jos3enriq> que decepcion
[29Aug2024 00:34:56.596] [Server thread/INFO] [net.minecraft.server.MinecraftServer/]: [Not Secure] <guta_vito> kevin
[29Aug2024 00:35:12.940] [Server thread/INFO] [net.minecraft.server.MinecraftServer/]: [Not Secure] <guta_vito> encontre tipo como una mansion dentro de la cueva
[29Aug2024 00:35:34.187] [Server thread/INFO] [net.minecraft.server.MinecraftServer/]: [Not Secure] <kevin123j2> vuelvo luego
[29Aug2024 00:35:35.191] [Server thread/INFO] [net.minecraft.server.network.ServerGamePacketListenerImpl/]: kevin123j2 lost connection: Disconnected
[29Aug2024 00:35:35.191] [Server thread/INFO] [net.minecraft.server.MinecraftServer/]: kevin123j2 left the game
[29Aug2024 00:38:06.675] [Server thread/INFO] [net.minecraft.server.network.ServerGamePacketListenerImpl/]: guta_vito lost connection: Disconnected
[29Aug2024 00:38:06.676] [Server thread/INFO] [net.minecraft.server.MinecraftServer/]: guta_vito left the game
[29Aug2024 00:43:20.214] [Server thread/INFO] [net.minecraft.server.MinecraftServer/]: Jos3enriq was slain by Equestrian
[29Aug2024 00:43:33.056] [Server thread/INFO] [net.minecraft.server.MinecraftServer/]: Unknown or incomplete command, see below for error
[29Aug2024 00:43:33.079] [Server thread/INFO] [net.minecraft.server.MinecraftServer/]: d<--[HERE]
[29Aug2024 00:43:47.206] [Server thread/INFO] [net.minecraft.server.players.PlayerList/]: kevin123j2[/127.124.147.160:37783] logged in with entity id 31558 at (-350.6978003441176, 85.0, 363.9521163441693)
[29Aug2024 00:43:47.214] [Server thread/INFO] [net.minecraft.server.MinecraftServer/]: kevin123j2 joined the game
[29Aug2024 00:43:47.254] [Server thread/INFO] [Jade/]: Syncing config to kevin123j2 (66256a26-dde2-30fc-b9f9-230690d21c47)
[29Aug2024 00:43:56.199] [Server thread/INFO] [net.minecraft.server.MinecraftServer/]: [Not Secure] <kevin123j2> de la que me salve
[29Aug2024 00:43:59.423] [Server thread/INFO] [net.minecraft.server.MinecraftServer/]: [Not Secure] <kevin123j2> pense que habia error
[29Aug2024 00:44:16.339] [Server thread/INFO] [net.minecraft.server.MinecraftServer/]: [Not Secure] <kevin123j2> bueno toco crear mis maquinas
[29Aug2024 00:44:19.528] [Server thread/INFO] [net.minecraft.server.MinecraftServer/]: [Not Secure] <kevin123j2> que defenderan mi imperio
[29Aug2024 00:44:28.037] [Server thread/INFO] [net.minecraft.server.MinecraftServer/]: [Not Secure] <Jos3enriq> xd
[29Aug2024 00:44:32.928] [Server thread/INFO] [net.minecraft.server.MinecraftServer/]: [Not Secure] <Jos3enriq> vamos de expedicion?
[29Aug2024 00:44:44.338] [Server thread/INFO] [net.minecraft.server.MinecraftServer/]: [Not Secure] <kevin123j2> yaw
[29Aug2024 00:44:47.899] [Server thread/INFO] [net.minecraft.server.MinecraftServer/]: [Not Secure] <kevin123j2> ven
[29Aug2024 00:45:31.199] [Server thread/INFO] [net.minecraft.server.MinecraftServer/]: [Not Secure] <kevin123j2> vamos
[29Aug2024 00:46:12.027] [Server thread/INFO] [net.minecraft.server.MinecraftServer/]: [Not Secure] <kevin123j2> vamos
[29Aug2024 00:46:21.919] [Server thread/INFO] [net.minecraft.server.MinecraftServer/]: [Not Secure] <Jos3enriq> ya
[29Aug2024 00:46:40.632] [Server thread/INFO] [net.minecraft.server.MinecraftServer/]: [Not Secure] <Jos3enriq> oe ya pe
[29Aug2024 00:46:51.082] [Server thread/INFO] [net.minecraft.server.MinecraftServer/]: [Not Secure] <Jos3enriq> al menos dame una montura y me domestico un caballo xd
[29Aug2024 00:46:55.640] [Server thread/INFO] [net.minecraft.server.MinecraftServer/]: [Not Secure] <kevin123j2> no tengo
[29Aug2024 00:47:02.693] [Server thread/INFO] [net.minecraft.server.MinecraftServer/]: [Not Secure] <kevin123j2> ademas los caballos mueren
[29Aug2024 00:47:03.673] [Server thread/INFO] [net.minecraft.server.MinecraftServer/]: [Not Secure] <kevin123j2> rapido
[29Aug2024 00:47:10.324] [Server thread/WARN] [net.minecraft.world.level.entity.PersistentEntitySectionManager/]: UUID of added entity already exists: SummonedHorse['Spectral Steed'/32202, l='ServerLevel[world]', x=-422.70, y=99.00, z=315.42]
[29Aug2024 00:47:21.227] [Server thread/INFO] [net.minecraft.server.MinecraftServer/]: [Not Secure] <kevin123j2> ya vamos
[29Aug2024 00:48:37.794] [Server thread/INFO] [net.minecraft.server.MinecraftServer/]: [Not Secure] <kevin123j2> xd
[29Aug2024 00:48:43.548] [Server thread/INFO] [net.minecraft.server.MinecraftServer/]: [Not Secure] <Jos3enriq> que cosa
[29Aug2024 00:48:48.453] [Server thread/INFO] [net.minecraft.server.MinecraftServer/]: [Not Secure] <kevin123j2> habia 2
[29Aug2024 00:48:51.482] [Server thread/INFO] [net.minecraft.server.MinecraftServer/]: [Not Secure] <kevin123j2> uno muy bueno
[29Aug2024 00:48:57.549] [Server thread/INFO] [net.minecraft.server.MinecraftServer/]: [Not Secure] <Jos3enriq> te voy a matar
[29Aug2024 00:49:09.631] [Server thread/WARN] [net.minecraft.server.network.ServerGamePacketListenerImpl/]: Spectral Steed (vehicle of kevin123j2) moved wrongly! 0.36614798790293435
[29Aug2024 00:49:09.677] [Server thread/WARN] [net.minecraft.server.network.ServerGamePacketListenerImpl/]: Spectral Steed (vehicle of kevin123j2) moved wrongly! 0.999846016845936
[29Aug2024 00:49:09.698] [Server thread/WARN] [net.minecraft.server.network.ServerGamePacketListenerImpl/]: Spectral Steed (vehicle of kevin123j2) moved wrongly! 1.6499319103022003
[29Aug2024 00:49:09.751] [Server thread/WARN] [net.minecraft.server.network.ServerGamePacketListenerImpl/]: Spectral Steed (vehicle of kevin123j2) moved wrongly! 2.308786623320742
[29Aug2024 00:49:09.832] [Server thread/WARN] [net.minecraft.server.network.ServerGamePacketListenerImpl/]: Spectral Steed (vehicle of kevin123j2) moved wrongly! 2.976518380434186
[29Aug2024 00:49:21.790] [Server thread/INFO] [net.minecraft.server.MinecraftServer/]: [Not Secure] <kevin123j2> es la misma torre
[29Aug2024 00:51:05.274] [Server thread/INFO] [net.minecraft.server.MinecraftServer/]: [Not Secure] <kevin123j2> ya no hay nada vamonos
[29Aug2024 00:51:10.122] [Server thread/INFO] [net.minecraft.server.MinecraftServer/]: [Not Secure] <kevin123j2> solo habia carbon
[29Aug2024 00:51:19.648] [Server thread/INFO] [net.minecraft.server.MinecraftServer/]: [Not Secure] <kevin123j2> no trates de romper los spawners
[29Aug2024 00:51:22.953] [Server thread/INFO] [net.minecraft.server.MinecraftServer/]: [Not Secure] <kevin123j2> me lo agradeceras
[29Aug2024 00:51:47.467] [Server thread/WARN] [net.minecraft.world.level.entity.PersistentEntitySectionManager/]: UUID of added entity already exists: SummonedHorse['Spectral Steed'/32202, l='ServerLevel[world]', x=-660.19, y=100.00, z=126.87]
[29Aug2024 00:51:53.575] [Server thread/INFO] [net.minecraft.server.MinecraftServer/]: [Not Secure] <kevin123j2> a ese lado
[29Aug2024 00:51:55.986] [Server thread/INFO] [net.minecraft.server.MinecraftServer/]: [Not Secure] <kevin123j2> hay algo
[29Aug2024 00:52:01.662] [Server thread/INFO] [net.minecraft.server.MinecraftServer/]: [Not Secure] <kevin123j2> a es lado no
[29Aug2024 00:52:11.690] [Worker-Main-3/WARN] [net.minecraft.world.level.levelgen.structure.pools.JigsawPlacement/]: Empty or non-existent pool: minecraft:
[29Aug2024 00:52:11.691] [Worker-Main-3/WARN] [net.minecraft.world.level.levelgen.structure.pools.JigsawPlacement/]: Empty or non-existent pool: minecraft:
[29Aug2024 00:52:15.027] [Server thread/INFO] [net.minecraft.server.MinecraftServer/]: [Not Secure] <kevin123j2> ve al sur
[29Aug2024 00:52:24.476] [Server thread/INFO] [net.minecraft.server.MinecraftServer/]: [Not Secure] <kevin123j2> otra torre
[29Aug2024 00:52:27.130] [Server thread/INFO] [net.minecraft.server.MinecraftServer/]: [Not Secure] <kevin123j2> pero tiene algo mejor
[29Aug2024 00:52:31.871] [Server thread/INFO] [net.minecraft.server.MinecraftServer/]: [Not Secure] <kevin123j2> vara vara
[29Aug2024 00:52:35.124] [Server thread/INFO] [net.minecraft.server.MinecraftServer/]: [Not Secure] <kevin123j2> vara vara
[29Aug2024 00:52:37.852] [Server thread/INFO] [net.minecraft.server.MinecraftServer/]: [Not Secure] <kevin123j2> varara
[29Aug2024 00:52:41.027] [Server thread/INFO] [net.minecraft.server.MinecraftServer/]: [Not Secure] <kevin123j2> 8
[29Aug2024 00:53:24.147] [Server thread/INFO] [net.minecraft.server.MinecraftServer/]: [Not Secure] <kevin123j2> inserten mr increible afortunado
[29Aug2024 00:53:54.082] [Server thread/INFO] [net.minecraft.server.MinecraftServer/]: [Not Secure] <kevin123j2> 7 hechizos
[29Aug2024 00:54:45.388] [Server thread/INFO] [net.minecraft.server.MinecraftServer/]: [Not Secure] <kevin123j2> 12
[29Aug2024 00:55:04.569] [Server thread/INFO] [net.minecraft.server.MinecraftServer/]: [Not Secure] <kevin123j2> 18
[29Aug2024 00:55:21.325] [Server thread/INFO] [net.minecraft.server.MinecraftServer/]: [Not Secure] <kevin123j2> 19
[29Aug2024 00:55:52.139] [Server thread/INFO] [net.minecraft.server.MinecraftServer/]: [Not Secure] <Jos3enriq> zzzz
[29Aug2024 00:55:53.749] [Server thread/INFO] [net.minecraft.server.MinecraftServer/]: [Not Secure] <Jos3enriq> xX
[29Aug2024 00:55:55.349] [Server thread/INFO] [net.minecraft.server.MinecraftServer/]: [Not Secure] <Jos3enriq> XD
[29Aug2024 00:56:01.936] [Server thread/INFO] [net.minecraft.server.MinecraftServer/]: [Not Secure] <kevin123j2> saque casi 20 hechizos
[29Aug2024 00:56:05.319] [Server thread/INFO] [net.minecraft.server.MinecraftServer/]: [Not Secure] <kevin123j2> 10 de diamante
[29Aug2024 00:56:11.487] [Server thread/INFO] [net.minecraft.server.MinecraftServer/]: [Not Secure] <kevin123j2> y muchas hachas de diamante
[29Aug2024 00:56:18.543] [Server thread/INFO] [net.minecraft.server.MinecraftServer/]: [Not Secure] <kevin123j2> no tengo cama
[29Aug2024 00:56:28.401] [Server thread/INFO] [net.minecraft.server.MinecraftServer/]: [Not Secure] <Jos3enriq> toma el techo de esa tienda
[29Aug2024 00:56:54.195] [Server thread/INFO] [net.minecraft.server.MinecraftServer/]: [Not Secure] <kevin123j2> esta plagado de illagers
[29Aug2024 00:57:09.584] [Server thread/INFO] [net.minecraft.server.MinecraftServer/]: [Not Secure] <Jos3enriq> 5 hechizos
[29Aug2024 00:57:10.331] [Server thread/INFO] [net.minecraft.server.MinecraftServer/]: [Not Secure] <Jos3enriq> xd
[29Aug2024 00:57:12.875] [Server thread/INFO] [net.minecraft.server.MinecraftServer/]: [Not Secure] <Jos3enriq> uno blanco
[29Aug2024 00:57:15.081] [Server thread/INFO] [net.minecraft.server.MinecraftServer/]: [Not Secure] <Jos3enriq> otro negro
[29Aug2024 00:57:18.822] [Server thread/INFO] [net.minecraft.server.MinecraftServer/]: [Not Secure] <Jos3enriq> y el resto naranjas
[29Aug2024 00:57:41.852] [Server thread/INFO] [net.minecraft.server.MinecraftServer/]: [Not Secure] <kevin123j2> consegui resucitar a los muertos legendario
[29Aug2024 00:57:46.294] [Server thread/INFO] [net.minecraft.server.MinecraftServer/]: [Not Secure] <kevin123j2> invokar lepisma
[29Aug2024 00:57:49.932] [Server thread/INFO] [net.minecraft.server.MinecraftServer/]: [Not Secure] <kevin123j2> curacion superior
[29Aug2024 00:57:55.474] [Server thread/INFO] [net.minecraft.server.MinecraftServer/]: [Not Secure] <kevin123j2> y castigo divino
[29Aug2024 00:57:59.098] [Server thread/INFO] [net.minecraft.server.MinecraftServer/]: [Not Secure] <kevin123j2> mas cosas
[29Aug2024 00:58:01.376] [Server thread/INFO] [net.minecraft.server.MinecraftServer/]: [Not Secure] <kevin123j2> pero no son tan buenas
[29Aug2024 00:58:04.076] [Server thread/INFO] [net.minecraft.server.MinecraftServer/]: [Not Secure] <Jos3enriq> on tas
[29Aug2024 00:58:11.719] [Server thread/INFO] [net.minecraft.server.MinecraftServer/]: [Not Secure] <kevin123j2> en la torre grande
[29Aug2024 00:58:13.372] [Server thread/INFO] [net.minecraft.server.MinecraftServer/]: [Not Secure] <Jos3enriq> aqui hay una tienda
[29Aug2024 00:58:19.169] [Server thread/INFO] [net.minecraft.server.MinecraftServer/]: [Not Secure] <Jos3enriq> usa la lana de esta tienda
[29Aug2024 00:58:59.817] [Server thread/INFO] [net.minecraft.server.MinecraftServer/]: kevin123j2 was shot by Pillager
[29Aug2024 00:59:03.421] [Server thread/INFO] [net.minecraft.server.MinecraftServer/]: [Not Secure] <kevin123j2> noooooooo
[29Aug2024 00:59:05.950] [Server thread/INFO] [net.minecraft.server.MinecraftServer/]: [Not Secure] <kevin123j2> salio con poder
[29Aug2024 00:59:13.282] [Server thread/INFO] [net.minecraft.server.MinecraftServer/]: [Not Secure] <kevin123j2> por suerte mi fiel corcel
[29Aug2024 00:59:16.085] [Server thread/INFO] [net.minecraft.server.MinecraftServer/]: [Not Secure] <kevin123j2> me espera
[29Aug2024 00:59:22.447] [Server thread/INFO] [net.minecraft.server.MinecraftServer/]: [Not Secure] <Jos3enriq> queso
[29Aug2024 00:59:59.872] [Server thread/INFO] [net.minecraft.server.MinecraftServer/]: [Not Secure] <kevin123j2> no agarres mis cosas
[29Aug2024 01:00:01.774] [Server thread/INFO] [net.minecraft.server.MinecraftServer/]: [Not Secure] <kevin123j2> mori al aire
[29Aug2024 01:00:05.778] [Server thread/WARN] [net.minecraft.server.network.ServerGamePacketListenerImpl/]: Spectral Steed (vehicle of kevin123j2) moved wrongly! 0.31556487123123134
[29Aug2024 01:00:05.779] [Server thread/WARN] [net.minecraft.server.network.ServerGamePacketListenerImpl/]: Spectral Steed (vehicle of kevin123j2) moved wrongly! 0.9957889629773717
[29Aug2024 01:00:05.882] [Server thread/INFO] [net.minecraft.server.MinecraftServer/]: [Not Secure] <Jos3enriq> mmm
[29Aug2024 01:00:08.623] [Server thread/INFO] [net.minecraft.server.MinecraftServer/]: [Not Secure] <Jos3enriq> me tientas
[29Aug2024 01:00:10.577] [Server thread/INFO] [net.minecraft.server.MinecraftServer/]: [Not Secure] <Jos3enriq> nah mentira
[29Aug2024 01:00:12.077] [Server thread/INFO] [net.minecraft.server.MinecraftServer/]: [Not Secure] <Jos3enriq> okey
[29Aug2024 01:00:30.644] [Server thread/INFO] [net.minecraft.server.MinecraftServer/]: [Not Secure] <Jos3enriq> consegui otro hechizo
[29Aug2024 01:00:34.994] [Server thread/INFO] [net.minecraft.server.MinecraftServer/]: [Not Secure] <Jos3enriq> todos son comunes xdd
[29Aug2024 01:02:37.717] [Server thread/INFO] [net.minecraft.server.MinecraftServer/]: kevin123j2 was shot by Pillager
[29Aug2024 01:03:20.466] [Server thread/INFO] [net.minecraft.server.MinecraftServer/]: kevin123j2 was shot by Pillager
[29Aug2024 01:03:22.942] [Server thread/INFO] [net.minecraft.server.MinecraftServer/]: [Not Secure] <Jos3enriq> 8 pergaminos
[29Aug2024 01:03:24.624] [Server thread/INFO] [net.minecraft.server.MinecraftServer/]: [Not Secure] <Jos3enriq> messirve
[29Aug2024 01:03:27.125] [Server thread/INFO] [net.minecraft.server.MinecraftServer/]: [Not Secure] <kevin123j2> porque????????
[29Aug2024 01:03:29.079] [Server thread/INFO] [net.minecraft.server.MinecraftServer/]: [Not Secure] <kevin123j2> si puse cama
[29Aug2024 01:03:33.031] [Server thread/INFO] [net.minecraft.server.MinecraftServer/]: [Not Secure] <Jos3enriq> xdd
[29Aug2024 01:03:39.431] [Server thread/INFO] [net.minecraft.server.MinecraftServer/]: [Not Secure] <Jos3enriq> regresaste al spawn?
[29Aug2024 01:03:45.738] [Server thread/INFO] [net.minecraft.server.MinecraftServer/]: [Not Secure] <kevin123j2> si
[29Aug2024 01:04:09.578] [Server thread/INFO] [net.minecraft.server.MinecraftServer/]: [Not Secure] <Jos3enriq> no habra agua cerca o si?
[29Aug2024 01:04:16.591] [Server thread/INFO] [net.minecraft.server.MinecraftServer/]: [Not Secure] <kevin123j2> no se
[29Aug2024 01:04:17.094] [Server thread/INFO] [net.minecraft.server.MinecraftServer/]: [Not Secure] <Jos3enriq> tengo sed y mi cantimplora esta vacia xdd
[29Aug2024 01:04:21.104] [Server thread/INFO] [net.minecraft.server.MinecraftServer/]: [Not Secure] <kevin123j2> regresa
[29Aug2024 01:04:23.029] [Server thread/INFO] [net.minecraft.server.MinecraftServer/]: [Not Secure] <kevin123j2> al rio
[29Aug2024 01:04:27.624] [Server thread/INFO] [net.minecraft.server.network.ServerGamePacketListenerImpl/]: Jos3enriq lost connection: Disconnected
[29Aug2024 01:04:27.624] [Server thread/INFO] [net.minecraft.server.MinecraftServer/]: Jos3enriq left the game
[29Aug2024 01:04:43.334] [Server thread/INFO] [net.minecraft.server.players.PlayerList/]: Jos3enriq[/127.28.195.18:48837] logged in with entity id 39936 at (-759.4805659096363, 96.0, 367.91193688756493)
[29Aug2024 01:04:43.341] [Server thread/INFO] [net.minecraft.server.MinecraftServer/]: Jos3enriq joined the game
[29Aug2024 01:04:43.349] [Server thread/INFO] [Jade/]: Syncing config to Jos3enriq (27cceb0a-89c4-3ca8-a9d5-ec610bc24b46)
[29Aug2024 01:06:04.576] [Server thread/INFO] [net.minecraft.server.MinecraftServer/]: [Not Secure] <Jos3enriq> por fin
[29Aug2024 01:06:08.375] [Server thread/INFO] [net.minecraft.server.MinecraftServer/]: [Not Secure] <Jos3enriq> me recupero vida
[29Aug2024 01:06:59.635] [Server thread/INFO] [net.minecraft.server.MinecraftServer/]: [Not Secure] <kevin123j2> se borro mi cama
[29Aug2024 01:07:00.930] [Server thread/INFO] [net.minecraft.server.MinecraftServer/]: [Not Secure] <kevin123j2> porque si
[29Aug2024 01:07:03.678] [Server thread/INFO] [net.minecraft.server.MinecraftServer/]: [Not Secure] <kevin123j2> simplemente se borro
[29Aug2024 01:07:09.035] [Server thread/INFO] [net.minecraft.server.MinecraftServer/]: [Not Secure] <Jos3enriq> el poder del guiopn
[29Aug2024 01:07:09.689] [Server thread/INFO] [net.minecraft.server.MinecraftServer/]: [Not Secure] <Jos3enriq> xd
[29Aug2024 01:07:44.397] [Server thread/INFO] [net.minecraft.server.MinecraftServer/]: [Not Secure] <kevin123j2> no perdi mi anillo
[29Aug2024 01:07:45.687] [Server thread/INFO] [net.minecraft.server.MinecraftServer/]: [Not Secure] <kevin123j2> por suerte
[29Aug2024 01:07:53.001] [Server thread/INFO] [net.minecraft.server.MinecraftServer/]: [Not Secure] <Jos3enriq> que anillo te salio?
[29Aug2024 01:07:57.489] [Server thread/INFO] [net.minecraft.server.MinecraftServer/]: [Not Secure] <Jos3enriq> a mi me salio uno flameante
[29Aug2024 01:08:03.477] [Server thread/INFO] [net.minecraft.server.MinecraftServer/]: [Not Secure] <kevin123j2> a
[29Aug2024 01:08:11.181] [Server thread/INFO] [net.minecraft.server.MinecraftServer/]: [Not Secure] <Jos3enriq> chu
[29Aug2024 01:08:11.902] [Server thread/INFO] [net.minecraft.server.MinecraftServer/]: [Not Secure] <Jos3enriq> xd
[29Aug2024 01:08:12.024] [Server thread/INFO] [net.minecraft.server.MinecraftServer/]: [Not Secure] <kevin123j2> aumenta mana 100
[29Aug2024 01:08:25.486] [Server thread/INFO] [net.minecraft.server.MinecraftServer/]: [Not Secure] <Jos3enriq> el mio...
[29Aug2024 01:08:33.982] [Server thread/INFO] [net.minecraft.server.MinecraftServer/]: [Not Secure] <Jos3enriq> me hace inmune a los ataque de fuego xd
[29Aug2024 01:08:37.404] [Server thread/INFO] [net.minecraft.server.MinecraftServer/]: [Not Secure] <kevin123j2> que porqueria
[29Aug2024 01:08:45.778] [Server thread/INFO] [net.minecraft.server.MinecraftServer/]: [Not Secure] <kevin123j2> lo que me pasa
[29Aug2024 01:09:46.692] [Server thread/INFO] [net.minecraft.server.MinecraftServer/]: kevin123j2 hit the ground too hard
[29Aug2024 01:09:50.551] [Server thread/INFO] [net.minecraft.server.MinecraftServer/]: [Not Secure] <Jos3enriq> xdd
[29Aug2024 01:10:27.224] [Server thread/INFO] [net.minecraft.server.MinecraftServer/]: kevin123j2 was shot by Pillager
[29Aug2024 01:10:40.954] [Server thread/INFO] [net.minecraft.server.MinecraftServer/]: [Not Secure] <Jos3enriq> ese dia algfo cambio dentro de lotso
[29Aug2024 01:10:48.475] [Server thread/INFO] [net.minecraft.server.MinecraftServer/]: [Not Secure] <kevin123j2> ya se murio
[29Aug2024 01:10:50.333] [Server thread/INFO] [net.minecraft.server.MinecraftServer/]: [Not Secure] <kevin123j2> el super aldeano
[29Aug2024 01:10:53.377] [Server thread/INFO] [net.minecraft.server.MinecraftServer/]: [Not Secure] <kevin123j2> digo super maldeano
[29Aug2024 01:10:57.928] [Server thread/INFO] [net.minecraft.server.MinecraftServer/]: [Not Secure] <Jos3enriq> xd
[29Aug2024 01:11:02.972] [Server thread/INFO] [net.minecraft.server.MinecraftServer/]: [Not Secure] <Jos3enriq> la pregunta es...
[29Aug2024 01:11:07.876] [Server thread/INFO] [net.minecraft.server.MinecraftServer/]: [Not Secure] <Jos3enriq> que hago con mis hechizos xdd
[29Aug2024 01:11:11.776] [Server thread/INFO] [net.minecraft.server.MinecraftServer/]: kevin123j2 was shot by Pillager
[29Aug2024 01:11:14.128] [Server thread/INFO] [net.minecraft.server.MinecraftServer/]: [Not Secure] <Jos3enriq> me los pongo y ya?
[29Aug2024 01:11:21.722] [Server thread/INFO] [net.minecraft.server.MinecraftServer/]: kevin123j2 was shot by Pillager
[29Aug2024 01:11:34.020] [Server thread/INFO] [net.minecraft.server.MinecraftServer/]: kevin123j2 was shot by Pillager
[29Aug2024 01:11:52.671] [Server thread/INFO] [net.minecraft.server.MinecraftServer/]: kevin123j2 was shot by Pillager
[29Aug2024 01:11:56.454] [Server thread/INFO] [net.minecraft.server.MinecraftServer/]: [Not Secure] <kevin123j2> hay mejores tesoro
[29Aug2024 01:11:58.550] [Server thread/INFO] [net.minecraft.server.MinecraftServer/]: [Not Secure] <kevin123j2> pero me lleva
[29Aug2024 01:12:00.676] [Server thread/INFO] [net.minecraft.server.MinecraftServer/]: [Not Secure] <kevin123j2> ese spawner
[29Aug2024 01:12:04.450] [Server thread/INFO] [net.minecraft.server.MinecraftServer/]: [Not Secure] <kevin123j2> 4 spawners
[29Aug2024 01:12:05.523] [Server thread/INFO] [net.minecraft.server.MinecraftServer/]: [Not Secure] <kevin123j2> juntos
[29Aug2024 01:12:18.477] [Server thread/INFO] [net.minecraft.server.MinecraftServer/]: [Not Secure] <kevin123j2> cada rato sale un super
[29Aug2024 01:12:28.146] [Server thread/INFO] [net.minecraft.server.MinecraftServer/]: [Not Secure] <kevin123j2> cuando todos sean super ya nadie va ser
[29Aug2024 01:12:29.994] [Server thread/INFO] [net.minecraft.server.MinecraftServer/]: [Not Secure] <kevin123j2> literalmente
[29Aug2024 01:12:59.938] [Server thread/INFO] [net.minecraft.server.MinecraftServer/]: [Not Secure] <Jos3enriq> voy a ayudar
[29Aug2024 01:13:00.955] [Server thread/INFO] [net.minecraft.server.MinecraftServer/]: [Not Secure] <kevin123j2> ya me canse jugare a no divertirme y hacer torre
[29Aug2024 01:13:02.347] [Server thread/INFO] [net.minecraft.server.MinecraftServer/]: [Not Secure] <kevin123j2> para picar
[29Aug2024 01:13:06.438] [Server thread/INFO] [net.minecraft.server.MinecraftServer/]: [Not Secure] <Jos3enriq> xddd
[29Aug2024 01:13:10.139] [Server thread/INFO] [net.minecraft.server.MinecraftServer/]: [Not Secure] <Jos3enriq> voy?
[29Aug2024 01:13:14.776] [Server thread/INFO] [net.minecraft.server.MinecraftServer/]: [Not Secure] <kevin123j2> no
[29Aug2024 01:13:18.839] [Server thread/INFO] [net.minecraft.server.MinecraftServer/]: [Not Secure] <Jos3enriq> Mmmm
[29Aug2024 01:13:20.331] [Server thread/INFO] [net.minecraft.server.MinecraftServer/]: [Not Secure] <kevin123j2> robaras el tesoro mayor
[29Aug2024 01:14:14.579] [Server thread/INFO] [net.minecraft.server.MinecraftServer/]: [Not Secure] <Jos3enriq> respeto tu opinion como amigo pero reafirmo mi autoridad al ir de todos modos
[29Aug2024 01:14:19.729] [Server thread/INFO] [net.minecraft.server.MinecraftServer/]: [Not Secure] <Jos3enriq> ulelelelelelelele
[29Aug2024 01:14:23.930] [Server thread/INFO] [net.minecraft.server.MinecraftServer/]: kevin123j2 was doomed to fall by Pillager
[29Aug2024 01:15:24.428] [Server thread/INFO] [net.minecraft.server.MinecraftServer/]: [Not Secure] <kevin123j2> finalmente
[29Aug2024 01:15:28.325] [Server thread/INFO] [net.minecraft.server.MinecraftServer/]: [Not Secure] <kevin123j2> el poder es mio
[29Aug2024 01:16:22.133] [Server thread/INFO] [net.minecraft.server.MinecraftServer/]: [Not Secure] <kevin123j2> cuantos supers ya son
[29Aug2024 01:16:41.485] [Server thread/INFO] [net.minecraft.server.MinecraftServer/]: [Not Secure] <Jos3enriq> oe
[29Aug2024 01:16:44.424] [Server thread/INFO] [net.minecraft.server.MinecraftServer/]: [Not Secure] <Jos3enriq> y la cama?
[29Aug2024 01:17:24.816] [Server thread/INFO] [net.minecraft.server.MinecraftServer/]: [Not Secure] <kevin123j2> me llevaaa
[29Aug2024 01:17:31.117] [Server thread/INFO] [net.minecraft.server.MinecraftServer/]: kevin123j2 was shot by Pillager
[29Aug2024 01:17:39.821] [Server thread/INFO] [net.minecraft.server.MinecraftServer/]: [Not Secure] <Jos3enriq> encontre tu cofre
[29Aug2024 01:17:40.565] [Server thread/INFO] [net.minecraft.server.MinecraftServer/]: kevin123j2 was shot by Pillager
[29Aug2024 01:17:49.415] [Server thread/INFO] [net.minecraft.server.MinecraftServer/]: kevin123j2 was shot by Pillager
[29Aug2024 01:17:57.322] [Server thread/INFO] [net.minecraft.server.MinecraftServer/]: [Not Secure] <Jos3enriq> ontas y donde esta la cama?
[29Aug2024 01:17:58.215] [Server thread/INFO] [net.minecraft.server.MinecraftServer/]: kevin123j2 was shot by Pillager
[29Aug2024 01:18:04.817] [Server thread/INFO] [net.minecraft.server.MinecraftServer/]: kevin123j2 was shot by Pillager
[29Aug2024 01:18:12.616] [Server thread/INFO] [net.minecraft.server.MinecraftServer/]: kevin123j2 was shot by Pillager
[29Aug2024 01:18:21.864] [Server thread/INFO] [net.minecraft.server.MinecraftServer/]: kevin123j2 was shot by Pillager
[29Aug2024 01:18:36.065] [Server thread/INFO] [net.minecraft.server.MinecraftServer/]: kevin123j2 was shot by Pillager
[29Aug2024 01:18:44.965] [Server thread/INFO] [net.minecraft.server.MinecraftServer/]: kevin123j2 was shot by Pillager
[29Aug2024 01:18:49.638] [Server thread/INFO] [net.minecraft.server.MinecraftServer/]: [Not Secure] <Jos3enriq> onta la cama xdd
[29Aug2024 01:18:57.419] [Server thread/INFO] [net.minecraft.server.MinecraftServer/]: kevin123j2 was shot by Pillager
[29Aug2024 01:19:07.166] [Server thread/INFO] [net.minecraft.server.MinecraftServer/]: kevin123j2 was shot by Pillager
[29Aug2024 01:19:49.117] [Server thread/INFO] [net.minecraft.server.MinecraftServer/]: kevin123j2 withered away
[29Aug2024 01:20:00.316] [Server thread/INFO] [net.minecraft.server.MinecraftServer/]: kevin123j2 was shot by Pillager
[29Aug2024 01:20:01.794] [Server thread/WARN] [net.minecraft.server.level.ServerPlayerGameMode/]: Mismatch in destroy block pos: BlockPos{x=0, y=0, z=0} BlockPos{x=-791, y=122, z=360}
[29Aug2024 01:20:09.917] [Server thread/INFO] [net.minecraft.server.MinecraftServer/]: kevin123j2 was killed by Pillager using magic
[29Aug2024 01:20:35.165] [Server thread/INFO] [net.minecraft.server.MinecraftServer/]: Jos3enriq was shot by Pillager
[29Aug2024 01:20:48.065] [Server thread/INFO] [net.minecraft.server.MinecraftServer/]: kevin123j2 was shot by Pillager
[29Aug2024 01:21:05.232] [Server thread/INFO] [net.minecraft.server.MinecraftServer/]: Jos3enriq was doomed to fall by Pillager
[29Aug2024 01:22:06.717] [Server thread/INFO] [net.minecraft.server.MinecraftServer/]: [Not Secure] <kevin123j2> ire por arribba
[29Aug2024 01:22:50.751] [Server thread/INFO] [net.minecraft.server.MinecraftServer/]: [Not Secure] <kevin123j2> el maldeano quemo todo lo que habia
[29Aug2024 01:22:52.241] [Server thread/INFO] [net.minecraft.server.MinecraftServer/]: [Not Secure] <kevin123j2> en el cofre
[29Aug2024 01:22:53.617] [Server thread/INFO] [net.minecraft.server.MinecraftServer/]: [Not Secure] <kevin123j2> ya fue
[29Aug2024 01:23:46.269] [Server thread/INFO] [net.minecraft.server.MinecraftServer/]: kevin123j2 fell off a ladder
[29Aug2024 01:23:53.441] [Server thread/INFO] [net.minecraft.server.MinecraftServer/]: Jos3enriq fell from a high place
[29Aug2024 01:24:45.023] [Server thread/INFO] [net.minecraft.server.MinecraftServer/]: [Not Secure] <Jos3enriq> esponja enloqueciste? xd
[29Aug2024 01:24:57.614] [Server thread/INFO] [net.minecraft.server.MinecraftServer/]: death.attack.hyperthermia
[29Aug2024 01:25:13.223] [Server thread/INFO] [net.minecraft.server.MinecraftServer/]: [Not Secure] <Jos3enriq> era team calor
[29Aug2024 01:25:14.424] [Server thread/INFO] [net.minecraft.server.MinecraftServer/]: [Not Secure] <Jos3enriq> XD
[29Aug2024 01:25:21.400] [Server thread/INFO] [net.minecraft.server.MinecraftServer/]: kevin123j2 has made the advancement [Voluntary Exile]
[29Aug2024 01:25:39.566] [Server thread/INFO] [net.minecraft.server.MinecraftServer/]: Jos3enriq was shot by Pillager
[29Aug2024 01:26:32.720] [Server thread/INFO] [net.minecraft.server.MinecraftServer/]: Jos3enriq has made the advancement [Battle Towers?]
[29Aug2024 01:28:03.340] [Server thread/INFO] [net.minecraft.server.MinecraftServer/]: [Not Secure] <kevin123j2> mi cantimplor
[29Aug2024 01:28:46.995] [Server thread/INFO] [net.minecraft.server.MinecraftServer/]: [Not Secure] <Jos3enriq> QIESO
[29Aug2024 01:28:50.987] [Server thread/INFO] [net.minecraft.server.MinecraftServer/]: death.attack.hyperthermia
[29Aug2024 01:28:52.934] [Server thread/INFO] [net.minecraft.server.MinecraftServer/]: [Not Secure] <Jos3enriq> queso?
[29Aug2024 01:28:53.974] [Server thread/INFO] [net.minecraft.server.MinecraftServer/]: [Not Secure] <Jos3enriq> xd
[29Aug2024 01:30:58.278] [Server thread/INFO] [net.minecraft.server.MinecraftServer/]: [Not Secure] <Jos3enriq> onde estas
[29Aug2024 01:34:54.982] [Server thread/INFO] [net.minecraft.server.MinecraftServer/]: kevin123j2 fell from a high place
[29Aug2024 01:36:10.724] [Server thread/WARN] [net.minecraft.world.level.entity.PersistentEntitySectionManager/]: UUID of added entity already exists: SummonedHorse['Spectral Steed'/49594, l='ServerLevel[world]', x=-780.26, y=99.00, z=368.70]
[29Aug2024 01:36:17.976] [Server thread/INFO] [net.minecraft.server.MinecraftServer/]: [Not Secure] <kevin123j2> valio la pena
[29Aug2024 01:36:37.126] [Server thread/INFO] [net.minecraft.server.MinecraftServer/]: [Not Secure] <Jos3enriq> que ganaste
[29Aug2024 01:37:00.428] [Server thread/WARN] [net.minecraft.server.network.ServerGamePacketListenerImpl/]: Spectral Steed (vehicle of kevin123j2) moved wrongly! 0.3004379573882261
[29Aug2024 01:37:00.484] [Server thread/WARN] [net.minecraft.server.network.ServerGamePacketListenerImpl/]: Spectral Steed (vehicle of kevin123j2) moved wrongly! 0.9716792609514755
[29Aug2024 01:37:00.528] [Server thread/WARN] [net.minecraft.server.network.ServerGamePacketListenerImpl/]: Spectral Steed (vehicle of kevin123j2) moved wrongly! 1.6469779188014968
[29Aug2024 01:37:00.576] [Server thread/WARN] [net.minecraft.server.network.ServerGamePacketListenerImpl/]: Spectral Steed (vehicle of kevin123j2) moved wrongly! 2.0
[29Aug2024 01:37:05.831] [Server thread/WARN] [net.minecraft.server.network.ServerGamePacketListenerImpl/]: Spectral Steed (vehicle of kevin123j2) moved wrongly! 0.44153397735567523
[29Aug2024 01:37:05.885] [Server thread/WARN] [net.minecraft.server.network.ServerGamePacketListenerImpl/]: Spectral Steed (vehicle of kevin123j2) moved wrongly! 1.0007087346880725
[29Aug2024 01:37:05.932] [Server thread/WARN] [net.minecraft.server.network.ServerGamePacketListenerImpl/]: Spectral Steed (vehicle of kevin123j2) moved wrongly! 0.4897658633738615
[29Aug2024 01:37:05.985] [Server thread/WARN] [net.minecraft.server.network.ServerGamePacketListenerImpl/]: Spectral Steed (vehicle of kevin123j2) moved wrongly! 0.8841763217842527
[29Aug2024 01:37:09.642] [Server thread/INFO] [net.minecraft.server.MinecraftServer/]: [Not Secure] <kevin123j2> tienes
[29Aug2024 01:37:12.031] [Server thread/INFO] [net.minecraft.server.MinecraftServer/]: [Not Secure] <kevin123j2> polvo magico?
[29Aug2024 01:37:22.187] [Server thread/INFO] [net.minecraft.server.MinecraftServer/]: [Not Secure] <Jos3enriq> si
[29Aug2024 01:37:23.927] [Server thread/INFO] [net.minecraft.server.MinecraftServer/]: Jos3enriq was slain by Zombie
[29Aug2024 01:37:24.685] [Server thread/INFO] [net.minecraft.server.MinecraftServer/]: [Not Secure] <kevin123j2> cuanto
[29Aug2024 01:37:49.189] [Server thread/INFO] [net.minecraft.server.MinecraftServer/]: [Not Secure] <Jos3enriq> mmm
[29Aug2024 01:37:51.433] [Server thread/INFO] [net.minecraft.server.MinecraftServer/]: [Not Secure] <Jos3enriq> deja reviso
[29Aug2024 01:38:01.775] [Server thread/INFO] [net.minecraft.server.MinecraftServer/]: [Not Secure] <Jos3enriq> 14
[29Aug2024 01:38:35.526] [Server thread/INFO] [net.minecraft.server.MinecraftServer/]: [Not Secure] <kevin123j2> con 22 hechizos estoy bien
[29Aug2024 01:38:39.976] [Server thread/INFO] [net.minecraft.server.MinecraftServer/]: [Not Secure] <kevin123j2> te cambio po r 3
[29Aug2024 01:38:43.076] [Server thread/INFO] [net.minecraft.server.MinecraftServer/]: [Not Secure] <kevin123j2> hechizos
[29Aug2024 01:38:45.891] [Server thread/INFO] [net.minecraft.server.MinecraftServer/]: [Not Secure] <Jos3enriq> mmm
[29Aug2024 01:38:47.874] [Server thread/INFO] [net.minecraft.server.MinecraftServer/]: [Not Secure] <Jos3enriq> que ofreces
[29Aug2024 01:38:58.181] [Server thread/INFO] [net.minecraft.server.MinecraftServer/]: [Not Secure] <kevin123j2> dejame ver
[29Aug2024 01:40:29.272] [Server thread/INFO] [net.minecraft.server.MinecraftServer/]: Jos3enriq was blown up by Creeper
[29Aug2024 01:40:29.341] [Server thread/INFO] [net.minecraft.server.MinecraftServer/]: [Not Secure] <Jos3enriq> el destructor de mundos
[29Aug2024 01:40:40.073] [Server thread/INFO] [net.minecraft.server.MinecraftServer/]: [Not Secure] <kevin123j2> lo puedo vencer
[29Aug2024 01:41:18.552] [Server thread/INFO] [net.minecraft.server.MinecraftServer/]: Jos3enriq hit the ground too hard whilst trying to escape Skeleton
[29Aug2024 01:41:20.030] [Server thread/WARN] [net.minecraft.server.network.ServerGamePacketListenerImpl/]: Spectral Steed (vehicle of kevin123j2) moved wrongly! 0.31893651577718174
[29Aug2024 01:41:20.075] [Server thread/WARN] [net.minecraft.server.network.ServerGamePacketListenerImpl/]: Spectral Steed (vehicle of kevin123j2) moved wrongly! 0.9570938195102485
[29Aug2024 01:41:20.126] [Server thread/WARN] [net.minecraft.server.network.ServerGamePacketListenerImpl/]: Spectral Steed (vehicle of kevin123j2) moved wrongly! 1.6179480360399907
[29Aug2024 01:41:20.178] [Server thread/WARN] [net.minecraft.server.network.ServerGamePacketListenerImpl/]: Spectral Steed (vehicle of kevin123j2) moved wrongly! 2.272764112995617
[29Aug2024 01:41:20.223] [Server thread/WARN] [net.minecraft.server.network.ServerGamePacketListenerImpl/]: Spectral Steed (vehicle of kevin123j2) moved wrongly! 0.5860144257570141
[29Aug2024 01:41:20.278] [Server thread/WARN] [net.minecraft.server.network.ServerGamePacketListenerImpl/]: Spectral Steed (vehicle of kevin123j2) moved wrongly! 0.5485386476268559
[29Aug2024 01:41:20.323] [Server thread/WARN] [net.minecraft.server.network.ServerGamePacketListenerImpl/]: Spectral Steed (vehicle of kevin123j2) moved wrongly! 0.503628165007683
[29Aug2024 01:41:20.377] [Server thread/WARN] [net.minecraft.server.network.ServerGamePacketListenerImpl/]: Spectral Steed (vehicle of kevin123j2) moved wrongly! 0.44022206400194364
[29Aug2024 01:41:20.421] [Server thread/WARN] [net.minecraft.server.network.ServerGamePacketListenerImpl/]: Spectral Steed (vehicle of kevin123j2) moved wrongly! 0.3668876010373765
[29Aug2024 01:41:20.474] [Server thread/WARN] [net.minecraft.server.network.ServerGamePacketListenerImpl/]: Spectral Steed (vehicle of kevin123j2) moved wrongly! 0.2853406509882461
[29Aug2024 01:41:34.525] [Server thread/INFO] [net.minecraft.server.MinecraftServer/]: [Not Secure] <kevin123j2> vuelvo
[29Aug2024 01:41:35.370] [Server thread/INFO] [net.minecraft.server.network.ServerGamePacketListenerImpl/]: kevin123j2 lost connection: Disconnected
[29Aug2024 01:41:35.371] [Server thread/INFO] [net.minecraft.server.MinecraftServer/]: kevin123j2 left the game
[29Aug2024 01:43:25.939] [Server thread/INFO] [net.minecraft.server.MinecraftServer/]: Unknown or incomplete command, see below for error
[29Aug2024 01:43:25.953] [Server thread/INFO] [net.minecraft.server.MinecraftServer/]: d<--[HERE]
[29Aug2024 01:44:18.333] [Server thread/INFO] [net.minecraft.server.players.PlayerList/]: kevin123j2[/127.124.147.160:52269] logged in with entity id 60465 at (-335.56545494748735, 87.1212968405392, 361.147893531917)
[29Aug2024 01:44:18.339] [Server thread/INFO] [net.minecraft.server.MinecraftServer/]: kevin123j2 joined the game
[29Aug2024 01:44:18.383] [Server thread/INFO] [Jade/]: Syncing config to kevin123j2 (66256a26-dde2-30fc-b9f9-230690d21c47)
[29Aug2024 01:44:38.774] [Server thread/INFO] [net.minecraft.server.MinecraftServer/]: [Not Secure] <Jos3enriq> donde pongo mis hechizos xd
[29Aug2024 01:44:45.321] [Server thread/INFO] [net.minecraft.server.MinecraftServer/]: [Not Secure] <kevin123j2> te lo compro
[29Aug2024 01:44:47.277] [Server thread/INFO] [net.minecraft.server.MinecraftServer/]: [Not Secure] <kevin123j2> ven a mi casa
[29Aug2024 01:45:11.029] [Server thread/INFO] [net.minecraft.server.MinecraftServer/]: [Not Secure] <Jos3enriq> ola k ase
[29Aug2024 01:45:11.725] [Server thread/INFO] [net.minecraft.server.MinecraftServer/]: [Not Secure] <kevin123j2> te lo cambio por bola de fuego muro de fuego
[29Aug2024 01:45:16.292] [Server thread/INFO] [net.minecraft.server.MinecraftServer/]: [Not Secure] <kevin123j2> y invisibilidad
[29Aug2024 01:45:25.541] [Server thread/INFO] [net.minecraft.server.MinecraftServer/]: [Not Secure] <Jos3enriq> me tientas me tientas
[29Aug2024 01:45:29.074] [Server thread/INFO] [net.minecraft.server.MinecraftServer/]: [Not Secure] <kevin123j2> si o no
[29Aug2024 01:45:57.932] [Server thread/INFO] [net.minecraft.server.MinecraftServer/]: [Not Secure] <Jos3enriq> mmmm
[29Aug2024 01:46:02.283] [Server thread/INFO] [net.minecraft.server.MinecraftServer/]: [Not Secure] <Jos3enriq> es que no se su valor xdd
[29Aug2024 01:46:08.124] [Server thread/INFO] [net.minecraft.server.MinecraftServer/]: [Not Secure] <kevin123j2> lo pondre
[29Aug2024 01:46:09.075] [Server thread/INFO] [net.minecraft.server.MinecraftServer/]: [Not Secure] <kevin123j2> ahora
[29Aug2024 01:46:17.222] [Server thread/INFO] [net.minecraft.server.MinecraftServer/]: [Not Secure] <kevin123j2> probare
[29Aug2024 01:46:19.395] [Server thread/INFO] [net.minecraft.server.MinecraftServer/]: [Not Secure] <kevin123j2> mis hechizos
[29Aug2024 01:47:21.584] [Server thread/INFO] [net.minecraft.server.MinecraftServer/]: [Not Secure] <kevin123j2> los usare
[29Aug2024 01:47:57.468] [Server thread/INFO] [net.minecraft.server.MinecraftServer/]: [Not Secure] <kevin123j2> mira
[29Aug2024 01:48:13.181] [Server thread/INFO] [net.minecraft.server.MinecraftServer/]: [Not Secure] <Jos3enriq> uuu
[29Aug2024 01:48:21.721] [Server thread/INFO] [net.minecraft.server.MinecraftServer/]: [Not Secure] <Jos3enriq> muro de fuego?
[29Aug2024 01:48:26.529] [Server thread/INFO] [net.minecraft.server.MinecraftServer/]: [Not Secure] <kevin123j2> roba vida
[29Aug2024 01:48:44.284] [Server thread/INFO] [net.minecraft.server.MinecraftServer/]: [Not Secure] <kevin123j2> magic
[29Aug2024 01:48:51.700] [Server thread/INFO] [net.minecraft.server.MinecraftServer/]: [Not Secure] <Jos3enriq> eres un mago harry
[29Aug2024 01:48:58.133] [Server thread/INFO] [net.minecraft.server.MinecraftServer/]: [Not Secure] <kevin123j2> puedo robar vid
[29Aug2024 01:49:15.476] [Server thread/INFO] [net.minecraft.server.MinecraftServer/]: [Not Secure] <kevin123j2> bueno entonces
[29Aug2024 01:49:17.426] [Server thread/INFO] [net.minecraft.server.MinecraftServer/]: [Not Secure] <kevin123j2> aceptaras?
[29Aug2024 01:49:36.426] [Server thread/INFO] [net.minecraft.server.MinecraftServer/]: [Not Secure] <Jos3enriq> mmmm
[29Aug2024 01:49:46.971] [Server thread/INFO] [net.minecraft.server.MinecraftServer/]: [Not Secure] <Jos3enriq> para que quieres los polvos pe
[29Aug2024 01:50:02.274] [Server thread/INFO] [net.minecraft.server.MinecraftServer/]: [Not Secure] <kevin123j2> para hacer tela magica
[29Aug2024 01:50:45.404] [Server thread/INFO] [net.minecraft.server.MinecraftServer/]: [Not Secure] <Jos3enriq> le lo acepto por 4 hechizos
[29Aug2024 01:51:04.588] [Server thread/INFO] [net.minecraft.server.MinecraftServer/]: [Not Secure] <Jos3enriq> thor
[29Aug2024 01:51:12.567] [Server thread/INFO] [net.minecraft.server.MinecraftServer/]: Jos3enriq was shocked to death by kevin123j2
[29Aug2024 01:51:14.421] [Server thread/INFO] [net.minecraft.server.MinecraftServer/]: [Not Secure] <kevin123j2> huy
[29Aug2024 01:51:16.895] [Server thread/INFO] [net.minecraft.server.MinecraftServer/]: [Not Secure] <kevin123j2> ese si esta muy fuerte
[29Aug2024 01:51:22.544] [Server thread/INFO] [net.minecraft.server.MinecraftServer/]: kevin123j2 was slain by Jos3enriq
[29Aug2024 01:51:49.040] [Server thread/INFO] [net.minecraft.server.MinecraftServer/]: [Not Secure] <kevin123j2> te iba a curar
[29Aug2024 01:51:50.549] [Server thread/INFO] [net.minecraft.server.MinecraftServer/]: [Not Secure] <kevin123j2> pero bueno
[29Aug2024 01:51:55.719] [Server thread/INFO] [net.minecraft.server.MinecraftServer/]: [Not Secure] <Jos3enriq> me mataste xd
[29Aug2024 01:52:15.299] [Server thread/INFO] [net.minecraft.server.MinecraftServer/]: [Not Secure] <kevin123j2> mira esto
[29Aug2024 01:52:45.976] [Server thread/INFO] [net.minecraft.server.MinecraftServer/]: [Not Secure] <Jos3enriq> support y ataque
[29Aug2024 01:52:48.721] [Server thread/INFO] [net.minecraft.server.MinecraftServer/]: [Not Secure] <Jos3enriq> 2 en uno
[29Aug2024 01:53:35.728] [Server thread/INFO] [net.minecraft.server.MinecraftServer/]: [Not Secure] <Jos3enriq> a dormir
[29Aug2024 01:54:04.721] [Server thread/INFO] [net.minecraft.server.MinecraftServer/]: [Not Secure] <Jos3enriq> me van a matar xdd
[29Aug2024 01:54:24.836] [Server thread/INFO] [net.minecraft.server.MinecraftServer/]: [Not Secure] <Jos3enriq> oe ya pe
[29Aug2024 01:54:53.266] [Server thread/INFO] [net.minecraft.server.MinecraftServer/]: Jos3enriq was swarmed by kevin123j2
[29Aug2024 01:55:00.532] [Server thread/INFO] [net.minecraft.server.MinecraftServer/]: [Not Secure] <kevin123j2> ese esta potente
[29Aug2024 01:55:05.098] [Server thread/INFO] [net.minecraft.server.MinecraftServer/]: [Not Secure] <Jos3enriq> dame
[29Aug2024 01:55:22.722] [Server thread/INFO] [net.minecraft.server.MinecraftServer/]: [Not Secure] <Jos3enriq> cuales ofreciste?
[29Aug2024 01:56:15.945] [Server thread/INFO] [net.minecraft.server.MinecraftServer/]: [Not Secure] <kevin123j2> duerme
[29Aug2024 01:56:34.120] [Server thread/INFO] [net.minecraft.server.MinecraftServer/]: [Not Secure] <kevin123j2> interesante
[29Aug2024 01:56:50.317] [Server thread/INFO] [net.minecraft.server.MinecraftServer/]: kevin123j2 was pierced by Necromancer's icicle
[29Aug2024 01:56:58.216] [Server thread/INFO] [net.minecraft.server.MinecraftServer/]: Jos3enriq was mauled by Necromancer's undead
[29Aug2024 01:57:12.818] [Server thread/INFO] [net.minecraft.server.MinecraftServer/]: kevin123j2 was pierced by Necromancer's icicle
[29Aug2024 01:57:27.469] [Server thread/INFO] [net.minecraft.server.MinecraftServer/]: kevin123j2 was slain by Equestrian
[29Aug2024 01:57:46.672] [Server thread/INFO] [net.minecraft.server.MinecraftServer/]: Jos3enriq was burnt to a crisp whilst fighting Direwolf
[29Aug2024 01:58:27.419] [Server thread/INFO] [net.minecraft.server.MinecraftServer/]: kevin123j2 was shot by Skeleton
[29Aug2024 01:58:39.339] [Server thread/INFO] [net.minecraft.server.MinecraftServer/]: [Not Secure] <kevin123j2> me lleva
[29Aug2024 01:58:44.367] [Server thread/INFO] [net.minecraft.server.MinecraftServer/]: Jos3enriq was shot by Skeleton
[29Aug2024 01:58:49.969] [Server thread/INFO] [net.minecraft.server.MinecraftServer/]: [Not Secure] <kevin123j2> porque no dormiste
[29Aug2024 01:58:58.867] [Server thread/INFO] [net.minecraft.server.MinecraftServer/]: Jos3enriq was blown up by Creeper
[29Aug2024 01:59:01.219] [Server thread/INFO] [net.minecraft.server.MinecraftServer/]: kevin123j2 was slain by Equestrian
[29Aug2024 01:59:06.698] [Server thread/INFO] [net.minecraft.server.MinecraftServer/]: [Not Secure] <Jos3enriq> llevo durmiendo desde hace rato
[29Aug2024 01:59:09.721] [Server thread/INFO] [net.minecraft.server.MinecraftServer/]: [Not Secure] <Jos3enriq> diciendo a dormir
[29Aug2024 01:59:12.192] [Server thread/INFO] [net.minecraft.server.MinecraftServer/]: [Not Secure] <Jos3enriq> xdd
[29Aug2024 01:59:29.015] [Server thread/INFO] [net.minecraft.server.MinecraftServer/]: kevin123j2 was slain by Equestrian
[29Aug2024 01:59:51.552] [Server thread/INFO] [net.minecraft.server.MinecraftServer/]: [Not Secure] <kevin123j2> los polvos?
[29Aug2024 02:00:00.879] [Server thread/INFO] [net.minecraft.server.MinecraftServer/]: [Not Secure] <kevin123j2> te llevaste
[29Aug2024 02:00:04.999] [Server thread/INFO] [net.minecraft.server.MinecraftServer/]: [Not Secure] <kevin123j2> el del necromago
[29Aug2024 02:00:16.763] [Server thread/INFO] [net.minecraft.server.MinecraftServer/]: kevin123j2 was slain by Equestrian
[29Aug2024 02:00:18.467] [Server thread/INFO] [net.minecraft.server.MinecraftServer/]: Jos3enriq was slain by Direwolf
[29Aug2024 02:00:59.169] [Server thread/INFO] [net.minecraft.server.MinecraftServer/]: Jos3enriq was shot by Skeleton
[29Aug2024 02:01:09.163] [Server thread/INFO] [net.minecraft.server.MinecraftServer/]: Jos3enriq was slain by Bloody Gadfly
[29Aug2024 02:01:29.863] [Server thread/INFO] [net.minecraft.server.MinecraftServer/]: Jos3enriq was slain by Bloody Gadfly
[29Aug2024 02:01:55.826] [Server thread/INFO] [net.minecraft.server.MinecraftServer/]: [Not Secure] <kevin123j2> mi collar?
[29Aug2024 02:02:19.369] [Server thread/INFO] [net.minecraft.server.MinecraftServer/]: kevin123j2 was shot by Skeleton
[29Aug2024 02:02:24.462] [Server thread/INFO] [net.minecraft.server.MinecraftServer/]: Jos3enriq was mauled by Necromancer's undead
[29Aug2024 02:02:33.128] [Server thread/INFO] [net.minecraft.server.MinecraftServer/]: kevin123j2 was shot by Skeleton
[29Aug2024 02:02:41.724] [Server thread/INFO] [net.minecraft.server.MinecraftServer/]: kevin123j2 was shot by Skeleton
[29Aug2024 02:02:51.118] [Server thread/INFO] [net.minecraft.server.MinecraftServer/]: kevin123j2 was shot by Skeleton
[29Aug2024 02:03:08.476] [Server thread/INFO] [net.minecraft.server.MinecraftServer/]: [Not Secure] <kevin123j2> para que trajiste
[29Aug2024 02:03:11.222] [Server thread/INFO] [net.minecraft.server.MinecraftServer/]: [Not Secure] <kevin123j2> ese esqueleto a mi casa
[29Aug2024 02:03:20.243] [Server thread/INFO] [net.minecraft.server.MinecraftServer/]: [Not Secure] <kevin123j2> el collar se perdio para siempre
[29Aug2024 02:03:34.122] [Server thread/INFO] [net.minecraft.server.MinecraftServer/]: [Not Secure] <kevin123j2> el collar
[29Aug2024 02:03:35.992] [Server thread/INFO] [net.minecraft.server.MinecraftServer/]: [Not Secure] <kevin123j2> lo tienes?
[29Aug2024 02:03:43.453] [Server thread/INFO] [net.minecraft.server.MinecraftServer/]: [Not Secure] <Jos3enriq> no xd
[29Aug2024 02:03:53.336] [Server thread/INFO] [net.minecraft.server.MinecraftServer/]: [Not Secure] <kevin123j2> me lleva
[29Aug2024 02:03:58.248] [Server thread/INFO] [net.minecraft.server.MinecraftServer/]: [Not Secure] <kevin123j2> ya no admitire visitantes
[29Aug2024 02:04:03.598] [Server thread/INFO] [net.minecraft.server.MinecraftServer/]: [Not Secure] <kevin123j2> pondre mi golem de lava
[29Aug2024 02:04:06.871] [Server thread/INFO] [net.minecraft.server.MinecraftServer/]: [Not Secure] <Jos3enriq> xd
[29Aug2024 02:04:17.777] [Server thread/INFO] [net.minecraft.server.MinecraftServer/]: [Not Secure] <Jos3enriq> oe yo dije a dormir desde hace rato
[29Aug2024 02:04:23.625] [Server thread/INFO] [net.minecraft.server.MinecraftServer/]: [Not Secure] <Jos3enriq> tu no respondias xdd
[29Aug2024 02:04:30.969] [Server thread/INFO] [net.minecraft.server.MinecraftServer/]: [Not Secure] <Jos3enriq> fui a ver que estabas haciendo para no dormir
[29Aug2024 02:05:33.677] [Server thread/INFO] [net.minecraft.server.MinecraftServer/]: [Not Secure] <Jos3enriq> te doy...
[29Aug2024 02:05:39.391] [Server thread/INFO] [net.minecraft.server.MinecraftServer/]: [Not Secure] <Jos3enriq> 4 polvos para compensar
[29Aug2024 02:05:49.031] [Server thread/INFO] [net.minecraft.server.MinecraftServer/]: [Not Secure] <Jos3enriq> son los 4 que solto el esqueleto
[29Aug2024 02:06:34.774] [Server thread/INFO] [net.minecraft.server.MinecraftServer/]: [Not Secure] <kevin123j2> esto no hubiera pasado si mi corcel habria estado
[29Aug2024 02:07:03.173] [Server thread/WARN] [net.minecraft.world.level.entity.PersistentEntitySectionManager/]: UUID of added entity already exists: SummonedHorse['Spectral Steed'/68900, l='ServerLevel[world]', x=-261.70, y=109.11, z=249.94]
[29Aug2024 02:07:16.161] [Server thread/INFO] [net.minecraft.server.MinecraftServer/]: kevin123j2 was slain by Bison
[29Aug2024 02:07:21.476] [Server thread/INFO] [net.minecraft.server.MinecraftServer/]: [Not Secure] <Jos3enriq> xd
[29Aug2024 02:07:36.650] [Server thread/INFO] [net.minecraft.server.MinecraftServer/]: [Not Secure] <Jos3enriq> kevin confiando mas en su noble corsel que en el resto de usuarios
[29Aug2024 02:07:42.363] [Server thread/WARN] [net.minecraft.world.level.storage.loot.functions.SmeltItemFunction/]: Couldn't smelt 1 bison_fur because there is no smelting recipe
[29Aug2024 02:08:02.590] [Server thread/INFO] [net.minecraft.server.MinecraftServer/]: [Not Secure] <kevin123j2> ya no comere solo robare
[29Aug2024 02:08:03.421] [Server thread/INFO] [net.minecraft.server.MinecraftServer/]: [Not Secure] <kevin123j2> vida
[29Aug2024 02:08:10.776] [Server thread/INFO] [net.minecraft.server.MinecraftServer/]: [Not Secure] <Jos3enriq> vampiro moment
[29Aug2024 02:10:05.442] [Server thread/INFO] [net.minecraft.server.MinecraftServer/]: [Not Secure] <kevin123j2> necesito ir al nether
[29Aug2024 02:10:13.103] [Server thread/INFO] [net.minecraft.server.MinecraftServer/]: [Not Secure] <kevin123j2> para mi siguiente avance
[29Aug2024 02:10:18.279] [Server thread/INFO] [net.minecraft.server.MinecraftServer/]: [Not Secure] <kevin123j2> o ir a la ancietn
[29Aug2024 02:11:43.170] [Server thread/INFO] [net.minecraft.server.MinecraftServer/]: [Not Secure] <Jos3enriq> que necesitas de esos lugares?
[29Aug2024 02:11:56.676] [Server thread/INFO] [net.minecraft.server.MinecraftServer/]: [Not Secure] <kevin123j2> magia ancestral de los o'hkl
[29Aug2024 02:12:02.276] [Server thread/INFO] [net.minecraft.server.MinecraftServer/]: [Not Secure] <Jos3enriq> xd?
[29Aug2024 02:12:13.820] [Server thread/INFO] [net.minecraft.server.MinecraftServer/]: [Not Secure] <Jos3enriq> bueno
[29Aug2024 02:12:24.023] [Server thread/INFO] [net.minecraft.server.MinecraftServer/]: [Not Secure] <Jos3enriq> cuantos libros puedo tener a la vez?
[29Aug2024 02:12:29.074] [Server thread/INFO] [net.minecraft.server.MinecraftServer/]: [Not Secure] <kevin123j2> 1
[29Aug2024 02:12:45.573] [Server thread/INFO] [net.minecraft.server.MinecraftServer/]: [Not Secure] <Jos3enriq> uy
[29Aug2024 02:12:52.898] [Server thread/INFO] [net.minecraft.server.MinecraftServer/]: [Not Secure] <Jos3enriq> ahora si kevin
[29Aug2024 02:12:53.899] [Server thread/INFO] [net.minecraft.server.MinecraftServer/]: [Not Secure] <Jos3enriq> zzz
[29Aug2024 02:13:03.301] [Server thread/INFO] [net.minecraft.server.MinecraftServer/]: [Not Secure] <kevin123j2> duerme
[29Aug2024 02:13:13.283] [Server thread/INFO] [net.minecraft.server.players.PlayerList/]: guta_vito[/127.78.16.156:35593] logged in with entity id 72223 at (-141.27703801609246, 23.0, 622.3000000119209)
[29Aug2024 02:13:13.287] [Server thread/INFO] [net.minecraft.server.MinecraftServer/]: guta_vito joined the game
[29Aug2024 02:13:13.302] [Server thread/INFO] [Jade/]: Syncing config to guta_vito (258a0e42-5e08-3a70-9f56-90802606be41)
[29Aug2024 02:13:13.329] [Server thread/INFO] [net.minecraft.server.MinecraftServer/]: [Not Secure] <kevin123j2> necesito calabaza
[29Aug2024 02:13:13.555] [Server thread/INFO] [net.minecraft.server.MinecraftServer/]: [Not Secure] <Jos3enriq> ya estoy durmiendo xd
[29Aug2024 02:13:21.844] [Server thread/INFO] [net.minecraft.server.MinecraftServer/]: [Not Secure] <Jos3enriq> hay muchas por ahi
[29Aug2024 02:13:39.994] [Server thread/INFO] [net.minecraft.server.MinecraftServer/]: [Not Secure] <guta_vito> eh vuelto de infierno
[29Aug2024 02:14:10.188] [Server thread/INFO] [net.minecraft.server.MinecraftServer/]: [Not Secure] <kevin123j2> gustavo conseguimos muchos percaminos
[29Aug2024 02:14:12.738] [Server thread/INFO] [net.minecraft.server.MinecraftServer/]: [Not Secure] <kevin123j2> yo ya tengo 22
[29Aug2024 02:14:23.535] [Server thread/INFO] [net.minecraft.server.MinecraftServer/]: [Not Secure] <Jos3enriq> yo 9
[29Aug2024 02:14:24.840] [Server thread/INFO] [net.minecraft.server.MinecraftServer/]: [Not Secure] <Jos3enriq> xd
[29Aug2024 02:14:52.748] [Server thread/INFO] [net.minecraft.server.MinecraftServer/]: [Not Secure] <Jos3enriq> kevin ya
[29Aug2024 02:14:54.654] [Server thread/INFO] [net.minecraft.server.MinecraftServer/]: [Not Secure] <Jos3enriq> el tradeo
[29Aug2024 02:15:06.692] [Server thread/INFO] [net.minecraft.server.MinecraftServer/]: [Not Secure] <guta_vito> dare una respuesta muy madura
[29Aug2024 02:15:09.484] [Server thread/INFO] [net.minecraft.server.MinecraftServer/]: [Not Secure] <guta_vito> chido
[29Aug2024 02:15:34.496] [Server thread/INFO] [net.minecraft.server.MinecraftServer/]: [Not Secure] <kevin123j2> que tenias?
[29Aug2024 02:15:39.688] [Server thread/INFO] [net.minecraft.server.MinecraftServer/]: [Not Secure] <Jos3enriq> 14 polvos
[29Aug2024 02:15:40.787] [Server thread/INFO] [net.minecraft.server.MinecraftServer/]: [Not Secure] <guta_vito> una mainsha
[29Aug2024 02:15:45.438] [Server thread/WARN] [net.minecraft.server.network.ServerGamePacketListenerImpl/]: Spectral Steed (vehicle of kevin123j2) moved wrongly! 0.2513555946277961
[29Aug2024 02:15:45.490] [Server thread/WARN] [net.minecraft.server.network.ServerGamePacketListenerImpl/]: Spectral Steed (vehicle of kevin123j2) moved wrongly! 0.8009769794639396
[29Aug2024 02:15:45.538] [Server thread/WARN] [net.minecraft.server.network.ServerGamePacketListenerImpl/]: Spectral Steed (vehicle of kevin123j2) moved wrongly! 1.3566766838955004
[29Aug2024 02:15:45.608] [Server thread/WARN] [net.minecraft.server.network.ServerGamePacketListenerImpl/]: Spectral Steed (vehicle of kevin123j2) moved wrongly! 1.9156287759539055
[29Aug2024 02:16:15.086] [Server thread/INFO] [net.minecraft.server.MinecraftServer/]: [Not Secure] <kevin123j2> ya tengo
[29Aug2024 02:16:20.880] [Server thread/INFO] [net.minecraft.server.MinecraftServer/]: [Not Secure] <Jos3enriq> xd
[29Aug2024 02:16:22.030] [Server thread/INFO] [net.minecraft.server.MinecraftServer/]: [Not Secure] <kevin123j2> 14 polvos
[29Aug2024 02:16:26.984] [Server thread/INFO] [net.minecraft.server.MinecraftServer/]: [Not Secure] <kevin123j2> por 1 percamino el que quiera
[29Aug2024 02:16:32.433] [Server thread/INFO] [net.minecraft.server.MinecraftServer/]: [Not Secure] <Jos3enriq> messirve
[29Aug2024 02:16:45.180] [Server thread/INFO] [net.minecraft.server.MinecraftServer/]: [Not Secure] <kevin123j2> elije 1
[29Aug2024 02:17:17.628] [Server thread/INFO] [net.minecraft.server.MinecraftServer/]: [Not Secure] <Jos3enriq> puedo pedir 2?
[29Aug2024 02:17:21.451] [Server thread/INFO] [net.minecraft.server.MinecraftServer/]: [Not Secure] <kevin123j2> ya
[29Aug2024 02:17:22.683] [Server thread/INFO] [net.minecraft.server.MinecraftServer/]: [Not Secure] <kevin123j2> cuales
[29Aug2024 02:17:46.861] [Server thread/INFO] [net.minecraft.server.MinecraftServer/]: [Not Secure] <Jos3enriq> esos 2
[29Aug2024 02:17:54.235] [Server thread/INFO] [net.minecraft.server.MinecraftServer/]: [Not Secure] <kevin123j2> el golpe de colmillos
[29Aug2024 02:17:57.090] [Server thread/INFO] [net.minecraft.server.MinecraftServer/]: [Not Secure] <kevin123j2> te lo cambio por este
[29Aug2024 02:17:59.993] [Server thread/INFO] [net.minecraft.server.MinecraftServer/]: [Not Secure] <kevin123j2> roba vida y hace daño
[29Aug2024 02:18:13.228] [Server thread/INFO] [net.minecraft.server.MinecraftServer/]: [Not Secure] <kevin123j2> aceptas?
[29Aug2024 02:18:19.492] [Server thread/INFO] [net.minecraft.server.MinecraftServer/]: [Not Secure] <Jos3enriq> mmmmmmm
[29Aug2024 02:18:55.186] [Server thread/INFO] [net.minecraft.server.MinecraftServer/]: [Not Secure] <kevin123j2> si o no
[29Aug2024 02:19:21.693] [Server thread/INFO] [net.minecraft.server.MinecraftServer/]: [Not Secure] <Jos3enriq> so
[29Aug2024 02:19:23.047] [Server thread/INFO] [net.minecraft.server.MinecraftServer/]: [Not Secure] <Jos3enriq> xd
[29Aug2024 02:19:31.085] [Server thread/INFO] [net.minecraft.server.MinecraftServer/]: [Not Secure] <kevin123j2> entonces
[29Aug2024 02:19:45.792] [Server thread/INFO] [net.minecraft.server.MinecraftServer/]: [Not Secure] <kevin123j2> roba de 1 corazon en 1 corazon o mas
[29Aug2024 02:20:04.896] [Server thread/INFO] [net.minecraft.server.MinecraftServer/]: [Not Secure] <Jos3enriq> me quedo con el golpe de colmillos
[29Aug2024 02:20:08.489] [Server thread/INFO] [net.minecraft.server.MinecraftServer/]: [Not Secure] <kevin123j2> ya
[29Aug2024 02:20:11.133] [Server thread/INFO] [net.minecraft.server.MinecraftServer/]: [Not Secure] <kevin123j2> pasame los polvos
[29Aug2024 02:20:14.025] [Server thread/INFO] [net.minecraft.server.network.ServerGamePacketListenerImpl/]: guta_vito lost connection: Timed out
[29Aug2024 02:20:14.025] [Server thread/INFO] [net.minecraft.server.MinecraftServer/]: guta_vito left the game
[29Aug2024 02:20:23.171] [Server thread/WARN] [net.minecraft.world.level.entity.PersistentEntitySectionManager/]: UUID of added entity already exists: SummonedHorse['Spectral Steed'/74299, l='ServerLevel[world]', x=-341.70, y=85.00, z=366.20]
[29Aug2024 02:20:40.031] [Server thread/INFO] [net.minecraft.server.players.PlayerList/]: davisdrt[/127.215.198.66:40527] logged in with entity id 75869 at (-488.5, 82.0, 426.5)
[29Aug2024 02:20:40.035] [Server thread/INFO] [net.minecraft.server.MinecraftServer/]: davisdrt joined the game
[29Aug2024 02:20:40.051] [Server thread/INFO] [Jade/]: Syncing config to davisdrt (74cb11a5-0b51-3278-a2bf-301ecf3b38d0)
[29Aug2024 02:20:50.092] [Server thread/INFO] [net.minecraft.server.MinecraftServer/]: [Not Secure] <kevin123j2> entonces eso sera
[29Aug2024 02:20:54.678] [Server thread/INFO] [net.minecraft.server.MinecraftServer/]: [Not Secure] <davisdrt> wenas
[29Aug2024 02:21:07.995] [Server thread/INFO] [net.minecraft.server.MinecraftServer/]: [Not Secure] <kevin123j2> tienes un hechizo de agarra
[29Aug2024 02:21:34.389] [Server thread/INFO] [net.minecraft.server.MinecraftServer/]: [Not Secure] <davisdrt> y el dragon?
[29Aug2024 02:21:36.481] [Server thread/INFO] [net.minecraft.server.MinecraftServer/]: [Not Secure] <kevin123j2> tienes cuero?
[29Aug2024 02:21:38.531] [Server thread/INFO] [net.minecraft.server.MinecraftServer/]: [Not Secure] <Jos3enriq> ya se murio
[29Aug2024 02:21:41.887] [Server thread/INFO] [net.minecraft.server.MinecraftServer/]: [Not Secure] <Jos3enriq> no tengo cuero xd
[29Aug2024 02:21:56.186] [Server thread/INFO] [net.minecraft.server.MinecraftServer/]: [Not Secure] <davisdrt> donde estan mis cosas kevin
[29Aug2024 02:22:04.385] [Server thread/INFO] [net.minecraft.server.MinecraftServer/]: [Not Secure] <kevin123j2> en lo de piedra
[29Aug2024 02:22:05.882] [Server thread/INFO] [net.minecraft.server.MinecraftServer/]: [Not Secure] <kevin123j2> en esa parte
[29Aug2024 02:22:21.538] [Server thread/INFO] [net.minecraft.server.players.PlayerList/]: guta_vito[/127.78.16.156:42341] logged in with entity id 76863 at (-133.63180770965536, 10.0, 627.7012988553166)
[29Aug2024 02:22:21.543] [Server thread/INFO] [net.minecraft.server.MinecraftServer/]: guta_vito joined the game
[29Aug2024 02:22:21.557] [Server thread/INFO] [Jade/]: Syncing config to guta_vito (258a0e42-5e08-3a70-9f56-90802606be41)
[29Aug2024 02:22:47.342] [Server thread/INFO] [net.minecraft.server.MinecraftServer/]: [Not Secure] <kevin123j2> me falta un poco mas
[29Aug2024 02:23:00.144] [Server thread/INFO] [net.minecraft.server.MinecraftServer/]: [Not Secure] <kevin123j2> tienen cuero?
[29Aug2024 02:23:04.546] [Server thread/INFO] [net.minecraft.server.MinecraftServer/]: [Not Secure] <guta_vito> de q sirve el pergamino aliento llamante
[29Aug2024 02:23:15.304] [Server thread/INFO] [net.minecraft.server.MinecraftServer/]: [Not Secure] <kevin123j2> para ser como un dragon
[29Aug2024 02:23:17.455] [Server thread/INFO] [net.minecraft.server.MinecraftServer/]: [Not Secure] <kevin123j2> hace buen dps
[29Aug2024 02:23:23.247] [Server thread/INFO] [net.minecraft.server.MinecraftServer/]: [Not Secure] <guta_vito> tengo uno
[29Aug2024 02:23:24.842] [Server thread/INFO] [net.minecraft.server.MinecraftServer/]: [Not Secure] <kevin123j2> creo que de los mejores de fuego
[29Aug2024 02:23:27.793] [Server thread/INFO] [net.minecraft.server.MinecraftServer/]: [Not Secure] <kevin123j2> te lo cambio
[29Aug2024 02:23:31.843] [Server thread/INFO] [net.minecraft.server.MinecraftServer/]: [Not Secure] <guta_vito> no
[29Aug2024 02:23:31.899] [Server thread/INFO] [net.minecraft.server.MinecraftServer/]: [Not Secure] <kevin123j2> vendo hechizos
[29Aug2024 02:23:37.710] [Server thread/INFO] [net.minecraft.server.MinecraftServer/]: [Not Secure] <kevin123j2> tienes cuero?
[29Aug2024 02:24:08.249] [Server thread/INFO] [net.minecraft.server.MinecraftServer/]: [Not Secure] <Jos3enriq> zzz
[29Aug2024 02:24:08.754] [Server thread/WARN] [net.minecraft.world.level.entity.PersistentEntitySectionManager/]: UUID of added entity already exists: SummonedHorse['Spectral Steed'/74299, l='ServerLevel[world]', x=-142.70, y=105.00, z=547.70]
[29Aug2024 02:24:19.296] [Server thread/INFO] [net.minecraft.server.MinecraftServer/]: [Not Secure] <davisdrt> oye y mes paapas cosinadas?
[29Aug2024 02:24:26.043] [Server thread/INFO] [net.minecraft.server.MinecraftServer/]: [Not Secure] <kevin123j2> de?
[29Aug2024 02:24:37.401] [Server thread/INFO] [net.minecraft.server.MinecraftServer/]: [Not Secure] <kevin123j2> duerman
[29Aug2024 02:24:39.652] [Server thread/INFO] [net.minecraft.server.MinecraftServer/]: [Not Secure] <Jos3enriq> estuvimos fuera casi todo el dia xdd
[29Aug2024 02:24:46.248] [Server thread/INFO] [net.minecraft.server.MinecraftServer/]: [Not Secure] <Jos3enriq> duerman gente
[29Aug2024 02:24:53.392] [Server thread/INFO] [net.minecraft.server.MinecraftServer/]: [Not Secure] <guta_vito> me olvide mi cama
[29Aug2024 02:24:55.889] [Server thread/INFO] [net.minecraft.server.MinecraftServer/]: [Not Secure] <Jos3enriq> que salen invocadores y raros
[29Aug2024 02:25:43.181] [Server thread/INFO] [net.minecraft.world.entity.npc.Villager/]: Villager Villager['Fisherman'/75884, l='ServerLevel[world]', x=-514.51, y=79.00, z=341.60] died, message: 'Fisherman was slain by Zombie'
[29Aug2024 02:25:44.389] [Server thread/INFO] [net.minecraft.server.MinecraftServer/]: [Not Secure] <kevin123j2> cuero
[29Aug2024 02:25:46.242] [Server thread/INFO] [net.minecraft.server.MinecraftServer/]: [Not Secure] <kevin123j2> no tien
[29Aug2024 02:26:24.044] [Server thread/INFO] [net.minecraft.server.MinecraftServer/]: [Not Secure] <davisdrt> zzz
[29Aug2024 02:26:40.544] [Server thread/INFO] [net.minecraft.server.MinecraftServer/]: [Not Secure] <davisdrt> kevin hacemos llamada p
[29Aug2024 02:26:44.887] [Server thread/INFO] [net.minecraft.server.MinecraftServer/]: [Not Secure] <kevin123j2> ya es tarde
[29Aug2024 02:26:51.645] [Server thread/INFO] [net.minecraft.server.MinecraftServer/]: [Not Secure] <Jos3enriq> zzz
[29Aug2024 02:26:52.642] [Server thread/INFO] [net.minecraft.server.MinecraftServer/]: [Not Secure] <Jos3enriq> xd
[29Aug2024 02:26:54.840] [Server thread/INFO] [net.minecraft.server.MinecraftServer/]: [Not Secure] <davisdrt> buen punto
[29Aug2024 02:26:58.089] [Server thread/INFO] [net.minecraft.server.MinecraftServer/]: [Not Secure] <Jos3enriq> maldito gustavo
[29Aug2024 02:26:59.293] [Server thread/WARN] [net.minecraft.server.network.ServerGamePacketListenerImpl/]: Spectral Steed (vehicle of kevin123j2) moved wrongly! 0.2878298547358895
[29Aug2024 02:26:59.293] [Server thread/WARN] [net.minecraft.server.network.ServerGamePacketListenerImpl/]: Spectral Steed (vehicle of kevin123j2) moved wrongly! 0.9365869535989191
[29Aug2024 02:26:59.343] [Server thread/WARN] [net.minecraft.server.network.ServerGamePacketListenerImpl/]: Spectral Steed (vehicle of kevin123j2) moved wrongly! 1.585344072165924
[29Aug2024 02:26:59.439] [Server thread/WARN] [net.minecraft.server.network.ServerGamePacketListenerImpl/]: Spectral Steed (vehicle of kevin123j2) moved wrongly! 2.2341012012760757
[29Aug2024 02:26:59.448] [Server thread/WARN] [net.minecraft.server.network.ServerGamePacketListenerImpl/]: Spectral Steed (vehicle of kevin123j2) moved wrongly! 2.8828583360277094
[29Aug2024 02:26:59.493] [Server thread/WARN] [net.minecraft.server.network.ServerGamePacketListenerImpl/]: Spectral Steed (vehicle of kevin123j2) moved wrongly! 0.5316154737979559
[29Aug2024 02:27:03.389] [Server thread/INFO] [net.minecraft.server.MinecraftServer/]: [Not Secure] <kevin123j2> vacas??????
[29Aug2024 02:27:21.436] [Server thread/INFO] [net.minecraft.server.MinecraftServer/]: guta_vito was shot by Skeleton
[29Aug2024 02:28:17.588] [Server thread/INFO] [net.minecraft.server.MinecraftServer/]: [Not Secure] <guta_vito> ahora si zzz
[29Aug2024 02:28:32.189] [Server thread/INFO] [net.minecraft.server.MinecraftServer/]: [Not Secure] <Jos3enriq> duerman
[29Aug2024 02:28:32.935] [Server thread/INFO] [net.minecraft.server.MinecraftServer/]: Jos3enriq was shot by Huntsman
[29Aug2024 02:28:41.842] [Server thread/INFO] [net.minecraft.server.MinecraftServer/]: [Not Secure] <davisdrt> zzz
[29Aug2024 02:28:49.883] [Server thread/INFO] [net.minecraft.server.MinecraftServer/]: Jos3enriq was shot by Huntsman
[29Aug2024 02:28:53.640] [Server thread/INFO] [net.minecraft.server.MinecraftServer/]: [Not Secure] <guta_vito> zzz
[29Aug2024 02:28:57.091] [Server thread/WARN] [net.minecraft.server.network.ServerGamePacketListenerImpl/]: Spectral Steed (vehicle of kevin123j2) moved wrongly! 0.25645855725065303
[29Aug2024 02:28:57.140] [Server thread/WARN] [net.minecraft.server.network.ServerGamePacketListenerImpl/]: Spectral Steed (vehicle of kevin123j2) moved wrongly! 0.9234972865174313
[29Aug2024 02:28:57.189] [Server thread/WARN] [net.minecraft.server.network.ServerGamePacketListenerImpl/]: Spectral Steed (vehicle of kevin123j2) moved wrongly! 1.5905360169458618
[29Aug2024 02:28:57.248] [Server thread/WARN] [net.minecraft.server.network.ServerGamePacketListenerImpl/]: Spectral Steed (vehicle of kevin123j2) moved wrongly! 2.257574747995932
[29Aug2024 02:28:57.249] [Server thread/WARN] [net.minecraft.server.network.ServerGamePacketListenerImpl/]: Spectral Steed (vehicle of kevin123j2) moved wrongly! 2.9246134793786496
[29Aug2024 02:29:06.338] [Server thread/INFO] [net.minecraft.server.MinecraftServer/]: Jos3enriq was shot by Skeleton
[29Aug2024 02:29:07.760] [Server thread/INFO] [net.minecraft.server.MinecraftServer/]: [Not Secure] <kevin123j2> cuero¡
[29Aug2024 02:29:16.643] [Server thread/INFO] [net.minecraft.server.MinecraftServer/]: [Not Secure] <davisdrt> no hay
[29Aug2024 02:29:33.847] [Server thread/WARN] [net.minecraft.server.network.ServerGamePacketListenerImpl/]: Spectral Steed (vehicle of kevin123j2) moved wrongly! 0.2983774096073549
[29Aug2024 02:29:33.892] [Server thread/WARN] [net.minecraft.server.network.ServerGamePacketListenerImpl/]: Spectral Steed (vehicle of kevin123j2) moved wrongly! 0.5883571295418493
[29Aug2024 02:29:33.944] [Server thread/WARN] [net.minecraft.server.network.ServerGamePacketListenerImpl/]: Spectral Steed (vehicle of kevin123j2) moved wrongly! 0.8708447377889876
[29Aug2024 02:29:33.993] [Server thread/WARN] [net.minecraft.server.network.ServerGamePacketListenerImpl/]: Spectral Steed (vehicle of kevin123j2) moved wrongly! 1.1466439413280156
[29Aug2024 02:29:34.052] [Server thread/WARN] [net.minecraft.server.network.ServerGamePacketListenerImpl/]: Spectral Steed (vehicle of kevin123j2) moved wrongly! 0.48478996103016486
[29Aug2024 02:29:34.138] [Server thread/WARN] [net.minecraft.server.network.ServerGamePacketListenerImpl/]: Spectral Steed (vehicle of kevin123j2) moved wrongly! 0.5556107900991935
[29Aug2024 02:29:55.531] [Server thread/INFO] [net.minecraft.server.MinecraftServer/]: Jos3enriq was shot by Huntsman
[29Aug2024 02:30:01.488] [Server thread/WARN] [net.minecraft.server.network.ServerGamePacketListenerImpl/]: Spectral Steed (vehicle of kevin123j2) moved wrongly! 0.26419599896013324
[29Aug2024 02:30:01.489] [Server thread/WARN] [net.minecraft.server.network.ServerGamePacketListenerImpl/]: Spectral Steed (vehicle of kevin123j2) moved wrongly! 0.9145494061925774
[29Aug2024 02:30:01.548] [Server thread/WARN] [net.minecraft.server.network.ServerGamePacketListenerImpl/]: Spectral Steed (vehicle of kevin123j2) moved wrongly! 0.45227949690496416
[29Aug2024 02:30:28.064] [Server thread/INFO] [net.minecraft.server.network.ServerGamePacketListenerImpl/]: Jos3enriq lost connection: Disconnected
[29Aug2024 02:30:28.064] [Server thread/INFO] [net.minecraft.server.MinecraftServer/]: Jos3enriq left the game
[29Aug2024 02:30:43.491] [Server thread/INFO] [net.minecraft.server.MinecraftServer/]: [Not Secure] <kevin123j2> mutante
[29Aug2024 02:31:04.345] [Server thread/INFO] [net.minecraft.server.MinecraftServer/]: [Not Secure] <kevin123j2> super
[29Aug2024 02:31:16.791] [Server thread/INFO] [net.minecraft.server.MinecraftServer/]: [Not Secure] <kevin123j2> vuelvo
[29Aug2024 02:31:19.145] [Server thread/INFO] [net.minecraft.server.network.ServerGamePacketListenerImpl/]: kevin123j2 lost connection: Disconnected
[29Aug2024 02:31:19.145] [Server thread/INFO] [net.minecraft.server.MinecraftServer/]: kevin123j2 left the game
[29Aug2024 02:31:21.529] [Server thread/INFO] [net.minecraft.server.MinecraftServer/]: [Not Secure] <guta_vito> xd
[29Aug2024 02:31:22.832] [Server thread/INFO] [net.minecraft.server.MinecraftServer/]: [Not Secure] <guta_vito> zzz
[29Aug2024 02:31:28.637] [Server thread/INFO] [net.minecraft.server.MinecraftServer/]: [Not Secure] <guta_vito> david
[29Aug2024 02:31:30.229] [Server thread/INFO] [net.minecraft.server.MinecraftServer/]: [Not Secure] <guta_vito> zzz
[29Aug2024 02:32:06.533] [Server thread/INFO] [net.minecraft.server.MinecraftServer/]: [Not Secure] <guta_vito> zzz
[29Aug2024 02:32:07.383] [Server thread/INFO] [net.minecraft.server.MinecraftServer/]: [Not Secure] <guta_vito> zzz
[29Aug2024 02:32:08.531] [Server thread/INFO] [net.minecraft.server.MinecraftServer/]: [Not Secure] <guta_vito> zzz
[29Aug2024 02:32:09.243] [Server thread/INFO] [net.minecraft.server.MinecraftServer/]: [Not Secure] <guta_vito> zzz
[29Aug2024 02:32:10.393] [Server thread/INFO] [net.minecraft.server.MinecraftServer/]: [Not Secure] <guta_vito> zzz
[29Aug2024 02:32:10.630] [Server thread/INFO] [net.minecraft.server.MinecraftServer/]: [Not Secure] <guta_vito> zz
[29Aug2024 02:32:11.503] [Server thread/INFO] [net.minecraft.server.MinecraftServer/]: [Not Secure] <guta_vito> zz
[29Aug2024 02:32:12.355] [Server thread/INFO] [net.minecraft.server.MinecraftServer/]: [Not Secure] <guta_vito> z
[29Aug2024 02:32:12.688] [Server thread/INFO] [net.minecraft.server.MinecraftServer/]: [Not Secure] <guta_vito> z
[29Aug2024 02:32:13.251] [Server thread/INFO] [net.minecraft.server.MinecraftServer/]: [Not Secure] <guta_vito> z
[29Aug2024 02:32:13.251] [Server thread/INFO] [net.minecraft.server.MinecraftServer/]: [Not Secure] <guta_vito> z
[29Aug2024 02:32:13.251] [Server thread/INFO] [net.minecraft.server.MinecraftServer/]: [Not Secure] <guta_vito> z
[29Aug2024 02:32:13.339] [Server thread/INFO] [net.minecraft.server.MinecraftServer/]: [Not Secure] <guta_vito> z
[29Aug2024 02:32:13.530] [Server thread/INFO] [net.minecraft.server.MinecraftServer/]: [Not Secure] <guta_vito> z
[29Aug2024 02:32:13.678] [Server thread/INFO] [net.minecraft.server.MinecraftServer/]: [Not Secure] <guta_vito> z
[29Aug2024 02:32:13.834] [Server thread/INFO] [net.minecraft.server.MinecraftServer/]: [Not Secure] <guta_vito> z
[29Aug2024 02:32:14.029] [Server thread/INFO] [net.minecraft.server.MinecraftServer/]: [Not Secure] <guta_vito> z
[29Aug2024 02:32:14.332] [Server thread/INFO] [net.minecraft.server.MinecraftServer/]: [Not Secure] <guta_vito> z
[29Aug2024 02:32:14.382] [Server thread/INFO] [net.minecraft.server.network.ServerGamePacketListenerImpl/]: guta_vito lost connection: Kicked for spamming
[29Aug2024 02:32:14.383] [Server thread/INFO] [net.minecraft.server.MinecraftServer/]: guta_vito left the game
[29Aug2024 02:32:24.098] [Server thread/INFO] [net.minecraft.server.MinecraftServer/]: [Not Secure] <davisdrt> wtf
[29Aug2024 02:33:05.428] [Server thread/INFO] [net.minecraft.server.players.PlayerList/]: guta_vito[/127.78.16.156:51061] logged in with entity id 85346 at (-138.5, 10.0, 671.5)
[29Aug2024 02:33:05.432] [Server thread/INFO] [net.minecraft.server.MinecraftServer/]: guta_vito joined the game
[29Aug2024 02:33:05.436] [Server thread/INFO] [Jade/]: Syncing config to guta_vito (258a0e42-5e08-3a70-9f56-90802606be41)
[29Aug2024 02:33:14.938] [Server thread/INFO] [net.minecraft.server.MinecraftServer/]: [Not Secure] <davisdrt> que paso
[29Aug2024 02:33:20.230] [Server thread/INFO] [net.minecraft.server.MinecraftServer/]: [Not Secure] <davisdrt> se fueron todos
[29Aug2024 02:35:58.478] [Server thread/INFO] [net.minecraft.server.MinecraftServer/]: guta_vito has made the advancement [Deceived Hopes]
[29Aug2024 02:36:22.131] [Server thread/INFO] [net.minecraft.server.MinecraftServer/]: [Not Secure] <guta_vito> q mrd
[29Aug2024 02:36:33.379] [Server thread/INFO] [net.minecraft.server.MinecraftServer/]: [Not Secure] <guta_vito> no era bloque de diamante
[29Aug2024 02:36:37.580] [Server thread/INFO] [net.minecraft.server.MinecraftServer/]: [Not Secure] <guta_vito> era un insecto
[29Aug2024 02:36:40.178] [Server thread/INFO] [net.minecraft.server.MinecraftServer/]: [Not Secure] <davisdrt> xd
[29Aug2024 02:36:52.779] [Server thread/INFO] [net.minecraft.server.MinecraftServer/]: [Not Secure] <davisdrt> si esta muy en la superficie duda
[29Aug2024 02:36:54.154] [Server thread/INFO] [net.minecraft.server.MinecraftServer/]: [Not Secure] <guta_vito> y me dia fragmento de termita de diamante
[29Aug2024 02:37:03.076] [Server thread/INFO] [net.minecraft.server.MinecraftServer/]: [Not Secure] <guta_vito> capa 0
[29Aug2024 02:38:36.333] [Server thread/INFO] [net.minecraft.server.MinecraftServer/]: Unknown or incomplete command, see below for error
[29Aug2024 02:38:36.333] [Server thread/INFO] [net.minecraft.server.MinecraftServer/]: yayayassay se tiene que cerrar el server porque si no volveran en el tiempo y ademas tengo que hacer mantenimiento xd<--[HERE]
[29Aug2024 02:38:54.437] [Server thread/INFO] [net.minecraft.server.MinecraftServer/]: [Not Secure] [Server] chao
[29Aug2024 02:39:07.482] [Server thread/INFO] [net.minecraft.server.MinecraftServer/]: [Not Secure] <guta_vito> nooo se cerrara el server
[29Aug2024 02:39:21.593] [Server thread/INFO] [net.minecraft.server.MinecraftServer/]: [Not Secure] [Server] se va cerrar el server para que no regresen en el tiempo y para hacer mantenimiento
[29Aug2024 02:39:26.593] [Server thread/INFO] [net.minecraft.server.MinecraftServer/]: [Not Secure] [Server] mañana jugamos todo el dia xd
[29Aug2024 02:39:30.730] [Server thread/INFO] [net.minecraft.server.MinecraftServer/]: [Not Secure] <davisdrt> xd
[29Aug2024 02:39:31.297] [Server thread/INFO] [net.minecraft.server.MinecraftServer/]: Stopping the server
[29Aug2024 02:39:31.305] [Server thread/INFO] [net.minecraft.server.MinecraftServer/]: Stopping server
[29Aug2024 02:39:31.306] [Server thread/INFO] [net.minecraft.server.MinecraftServer/]: Saving players
[29Aug2024 02:39:31.317] [Server thread/INFO] [net.minecraft.server.MinecraftServer/]: Saving worlds
[29Aug2024 02:39:31.570] [Server thread/INFO] [net.minecraft.server.MinecraftServer/]: Saving chunks for level 'ServerLevel[world]'/minecraft:overworld
[29Aug2024 02:39:37.136] [Server thread/INFO] [net.minecraft.server.MinecraftServer/]: Saving chunks for level 'ServerLevel[world]'/minecraft:the_nether
[29Aug2024 02:39:37.137] [Server thread/INFO] [net.minecraft.server.MinecraftServer/]: Saving chunks for level 'ServerLevel[world]'/minecraft:the_end
[29Aug2024 02:39:37.162] [Server thread/INFO] [net.minecraft.server.MinecraftServer/]: ThreadedAnvilChunkStorage (world): All chunks are saved
[29Aug2024 02:39:37.162] [Server thread/INFO] [net.minecraft.server.MinecraftServer/]: ThreadedAnvilChunkStorage (DIM-1): All chunks are saved
[29Aug2024 02:39:37.162] [Server thread/INFO] [net.minecraft.server.MinecraftServer/]: ThreadedAnvilChunkStorage (DIM1): All chunks are saved
[29Aug2024 02:39:37.162] [Server thread/INFO] [net.minecraft.server.MinecraftServer/]: ThreadedAnvilChunkStorage: All dimensions are saved
[29Aug2024 02:39:37.164] [Server thread/INFO] [com.yellowbrossproductions.illageandspillage.IllageAndSpillage/]: Removed entity.illageandspillage.boss_randomizer from Raids to prevent a post-mod-removal crash
[29Aug2024 02:39:37.164] [Server thread/INFO] [com.yellowbrossproductions.illageandspillage.IllageAndSpillage/]: Removed entity.illageandspillage.igniter from Raids to prevent a post-mod-removal crash
[29Aug2024 02:39:37.164] [Server thread/INFO] [com.yellowbrossproductions.illageandspillage.IllageAndSpillage/]: Removed entity.illageandspillage.twittollager from Raids to prevent a post-mod-removal crash
[29Aug2024 02:39:37.164] [Server thread/INFO] [com.yellowbrossproductions.illageandspillage.IllageAndSpillage/]: Removed entity.illageandspillage.magispeller from Raids to prevent a post-mod-removal crash
[29Aug2024 02:39:37.164] [Server thread/INFO] [com.yellowbrossproductions.illageandspillage.IllageAndSpillage/]: Removed entity.illageandspillage.spiritcaller from Raids to prevent a post-mod-removal crash
[29Aug2024 02:39:37.164] [Server thread/INFO] [com.yellowbrossproductions.illageandspillage.IllageAndSpillage/]: Removed entity.illageandspillage.crocofang from Raids to prevent a post-mod-removal crash
[29Aug2024 02:39:37.164] [Server thread/INFO] [com.yellowbrossproductions.illageandspillage.IllageAndSpillage/]: Removed entity.illageandspillage.absorber from Raids to prevent a post-mod-removal crash
[29Aug2024 02:39:37.165] [Server thread/INFO] [com.yellowbrossproductions.illageandspillage.IllageAndSpillage/]: Removed entity.illageandspillage.preserver from Raids to prevent a post-mod-removal crash
[29Aug2024 02:39:37.165] [Server thread/INFO] [com.yellowbrossproductions.illageandspillage.IllageAndSpillage/]: Removed entity.illageandspillage.freakager from Raids to prevent a post-mod-removal crash
[29Aug2024 02:39:37.165] [Server thread/INFO] [com.yellowbrossproductions.illageandspillage.IllageAndSpillage/]: Removed entity.illageandspillage.old_magispeller from Raids to prevent a post-mod-removal crash
[29Aug2024 02:39:37.677] [Server thread/INFO] [com.yellowbrossproductions.illageandspillage.IllageAndSpillage/]: Removed entity.illageandspillage.boss_randomizer from Raids to prevent a post-mod-removal crash
[29Aug2024 02:39:37.677] [Server thread/INFO] [com.yellowbrossproductions.illageandspillage.IllageAndSpillage/]: Removed entity.illageandspillage.igniter from Raids to prevent a post-mod-removal crash
[29Aug2024 02:39:37.677] [Server thread/INFO] [com.yellowbrossproductions.illageandspillage.IllageAndSpillage/]: Removed entity.illageandspillage.twittollager from Raids to prevent a post-mod-removal crash
[29Aug2024 02:39:37.677] [Server thread/INFO] [com.yellowbrossproductions.illageandspillage.IllageAndSpillage/]: Removed entity.illageandspillage.magispeller from Raids to prevent a post-mod-removal crash
[29Aug2024 02:39:37.677] [Server thread/INFO] [com.yellowbrossproductions.illageandspillage.IllageAndSpillage/]: Removed entity.illageandspillage.spiritcaller from Raids to prevent a post-mod-removal crash
[29Aug2024 02:39:37.677] [Server thread/INFO] [com.yellowbrossproductions.illageandspillage.IllageAndSpillage/]: Removed entity.illageandspillage.crocofang from Raids to prevent a post-mod-removal crash
[29Aug2024 02:39:37.677] [Server thread/INFO] [com.yellowbrossproductions.illageandspillage.IllageAndSpillage/]: Removed entity.illageandspillage.absorber from Raids to prevent a post-mod-removal crash
[29Aug2024 02:39:37.678] [Server thread/INFO] [com.yellowbrossproductions.illageandspillage.IllageAndSpillage/]: Removed entity.illageandspillage.preserver from Raids to prevent a post-mod-removal crash
[29Aug2024 02:39:37.678] [Server thread/INFO] [com.yellowbrossproductions.illageandspillage.IllageAndSpillage/]: Removed entity.illageandspillage.freakager from Raids to prevent a post-mod-removal crash
[29Aug2024 02:39:37.678] [Server thread/INFO] [com.yellowbrossproductions.illageandspillage.IllageAndSpillage/]: Removed entity.illageandspillage.old_magispeller from Raids to prevent a post-mod-removal crash
[29Aug2024 02:39:37.678] [Server thread/INFO] [com.yellowbrossproductions.illageandspillage.IllageAndSpillage/]: Removed entity.illageandspillage.boss_randomizer from Raids to prevent a post-mod-removal crash
[29Aug2024 02:39:37.679] [Server thread/INFO] [com.yellowbrossproductions.illageandspillage.IllageAndSpillage/]: Removed entity.illageandspillage.igniter from Raids to prevent a post-mod-removal crash
[29Aug2024 02:39:37.679] [Server thread/INFO] [com.yellowbrossproductions.illageandspillage.IllageAndSpillage/]: Removed entity.illageandspillage.twittollager from Raids to prevent a post-mod-removal crash
[29Aug2024 02:39:37.679] [Server thread/INFO] [com.yellowbrossproductions.illageandspillage.IllageAndSpillage/]: Removed entity.illageandspillage.magispeller from Raids to prevent a post-mod-removal crash
[29Aug2024 02:39:37.679] [Server thread/INFO] [com.yellowbrossproductions.illageandspillage.IllageAndSpillage/]: Removed entity.illageandspillage.spiritcaller from Raids to prevent a post-mod-removal crash
[29Aug2024 02:39:37.679] [Server thread/INFO] [com.yellowbrossproductions.illageandspillage.IllageAndSpillage/]: Removed entity.illageandspillage.crocofang from Raids to prevent a post-mod-removal crash
[29Aug2024 02:39:37.679] [Server thread/INFO] [com.yellowbrossproductions.illageandspillage.IllageAndSpillage/]: Removed entity.illageandspillage.absorber from Raids to prevent a post-mod-removal crash
[29Aug2024 02:39:37.679] [Server thread/INFO] [com.yellowbrossproductions.illageandspillage.IllageAndSpillage/]: Removed entity.illageandspillage.preserver from Raids to prevent a post-mod-removal crash
[29Aug2024 02:39:37.680] [Server thread/INFO] [com.yellowbrossproductions.illageandspillage.IllageAndSpillage/]: Removed entity.illageandspillage.freakager from Raids to prevent a post-mod-removal crash
[29Aug2024 02:39:37.680] [Server thread/INFO] [com.yellowbrossproductions.illageandspillage.IllageAndSpillage/]: Removed entity.illageandspillage.old_magispeller from Raids to prevent a post-mod-removal crash
